logger=settings t=2023-04-27T20:21:40.782652+02:00 level=info msg="Starting Grafana" version=9.5.1 commit=bc353e4b2d branch=HEAD compiled=2023-04-24T18:27:01+02:00
logger=settings t=2023-04-27T20:21:40.7856542+02:00 level=warn msg="\"sentry\" frontend logging provider is deprecated and will be removed in the next major version. Use \"grafana\" provider instead."
logger=settings t=2023-04-27T20:21:40.7856542+02:00 level=info msg="Config loaded from" file=C:\Users\diomb\Downloads\grafana-9.5.1/conf/defaults.ini
logger=settings t=2023-04-27T20:21:40.7856542+02:00 level=info msg=Target target=[all]
logger=settings t=2023-04-27T20:21:40.7856542+02:00 level=info msg="Path Home" path=C:\Users\diomb\Downloads\grafana-9.5.1
logger=settings t=2023-04-27T20:21:40.7856542+02:00 level=info msg="Path Data" path=C:\Users\diomb\Downloads\grafana-9.5.1\data
logger=settings t=2023-04-27T20:21:40.7866506+02:00 level=info msg="Path Logs" path=C:\Users\diomb\Downloads\grafana-9.5.1\data\log
logger=settings t=2023-04-27T20:21:40.7866506+02:00 level=info msg="Path Plugins" path=C:\Users\diomb\Downloads\grafana-9.5.1\data\plugins
logger=settings t=2023-04-27T20:21:40.7866506+02:00 level=info msg="Path Provisioning" path=C:\Users\diomb\Downloads\grafana-9.5.1\conf\provisioning
logger=settings t=2023-04-27T20:21:40.7866506+02:00 level=info msg="App mode production"
logger=sqlstore t=2023-04-27T20:21:40.7866506+02:00 level=info msg="Connecting to DB" dbtype=sqlite3
logger=sqlstore t=2023-04-27T20:21:40.7876505+02:00 level=info msg="Creating SQLite database file" path=C:\Users\diomb\Downloads\grafana-9.5.1\data\grafana.db
logger=migrator t=2023-04-27T20:21:40.7896762+02:00 level=info msg="Starting DB migrations"
logger=migrator t=2023-04-27T20:21:40.7906781+02:00 level=info msg="Executing migration" id="create migration_log table"
logger=migrator t=2023-04-27T20:21:40.7926487+02:00 level=info msg="Executing migration" id="create user table"
logger=migrator t=2023-04-27T20:21:40.7956483+02:00 level=info msg="Executing migration" id="add unique index user.login"
logger=migrator t=2023-04-27T20:21:40.797649+02:00 level=info msg="Executing migration" id="add unique index user.email"
logger=migrator t=2023-04-27T20:21:40.8034804+02:00 level=info msg="Executing migration" id="drop index UQE_user_login - v1"
logger=migrator t=2023-04-27T20:21:40.8081942+02:00 level=info msg="Executing migration" id="drop index UQE_user_email - v1"
logger=migrator t=2023-04-27T20:21:40.811446+02:00 level=info msg="Executing migration" id="Rename table user to user_v1 - v1"
logger=migrator t=2023-04-27T20:21:40.814671+02:00 level=info msg="Executing migration" id="create user table v2"
logger=migrator t=2023-04-27T20:21:40.8195706+02:00 level=info msg="Executing migration" id="create index UQE_user_login - v2"
logger=migrator t=2023-04-27T20:21:40.8235927+02:00 level=info msg="Executing migration" id="create index UQE_user_email - v2"
logger=migrator t=2023-04-27T20:21:40.8262225+02:00 level=info msg="Executing migration" id="copy data_source v1 to v2"
logger=migrator t=2023-04-27T20:21:40.8282574+02:00 level=info msg="Executing migration" id="Drop old table user_v1"
logger=migrator t=2023-04-27T20:21:40.8302578+02:00 level=info msg="Executing migration" id="Add column help_flags1 to user table"
logger=migrator t=2023-04-27T20:21:40.8342611+02:00 level=info msg="Executing migration" id="Update user table charset"
logger=migrator t=2023-04-27T20:21:40.8392574+02:00 level=info msg="Executing migration" id="Add last_seen_at column to user"
logger=migrator t=2023-04-27T20:21:40.8416205+02:00 level=info msg="Executing migration" id="Add missing user data"
logger=migrator t=2023-04-27T20:21:40.8437205+02:00 level=info msg="Executing migration" id="Add is_disabled column to user"
logger=migrator t=2023-04-27T20:21:40.8463814+02:00 level=info msg="Executing migration" id="Add index user.login/user.email"
logger=migrator t=2023-04-27T20:21:40.850099+02:00 level=info msg="Executing migration" id="Add is_service_account column to user"
logger=migrator t=2023-04-27T20:21:40.8535097+02:00 level=info msg="Executing migration" id="Update is_service_account column to nullable"
logger=migrator t=2023-04-27T20:21:40.8579339+02:00 level=info msg="Executing migration" id="create temp user table v1-7"
logger=migrator t=2023-04-27T20:21:40.8606285+02:00 level=info msg="Executing migration" id="create index IDX_temp_user_email - v1-7"
logger=migrator t=2023-04-27T20:21:40.8634471+02:00 level=info msg="Executing migration" id="create index IDX_temp_user_org_id - v1-7"
logger=migrator t=2023-04-27T20:21:40.8665611+02:00 level=info msg="Executing migration" id="create index IDX_temp_user_code - v1-7"
logger=migrator t=2023-04-27T20:21:40.8695542+02:00 level=info msg="Executing migration" id="create index IDX_temp_user_status - v1-7"
logger=migrator t=2023-04-27T20:21:40.8725292+02:00 level=info msg="Executing migration" id="Update temp_user table charset"
logger=migrator t=2023-04-27T20:21:40.8745289+02:00 level=info msg="Executing migration" id="drop index IDX_temp_user_email - v1"
logger=migrator t=2023-04-27T20:21:40.8775284+02:00 level=info msg="Executing migration" id="drop index IDX_temp_user_org_id - v1"
logger=migrator t=2023-04-27T20:21:40.8805314+02:00 level=info msg="Executing migration" id="drop index IDX_temp_user_code - v1"
logger=migrator t=2023-04-27T20:21:40.8835316+02:00 level=info msg="Executing migration" id="drop index IDX_temp_user_status - v1"
logger=migrator t=2023-04-27T20:21:40.8865282+02:00 level=info msg="Executing migration" id="Rename table temp_user to temp_user_tmp_qwerty - v1"
logger=migrator t=2023-04-27T20:21:40.8907285+02:00 level=info msg="Executing migration" id="create temp_user v2"
logger=migrator t=2023-04-27T20:21:40.8934256+02:00 level=info msg="Executing migration" id="create index IDX_temp_user_email - v2"
logger=migrator t=2023-04-27T20:21:40.8961079+02:00 level=info msg="Executing migration" id="create index IDX_temp_user_org_id - v2"
logger=migrator t=2023-04-27T20:21:40.899827+02:00 level=info msg="Executing migration" id="create index IDX_temp_user_code - v2"
logger=migrator t=2023-04-27T20:21:40.9025309+02:00 level=info msg="Executing migration" id="create index IDX_temp_user_status - v2"
logger=migrator t=2023-04-27T20:21:40.9052266+02:00 level=info msg="Executing migration" id="copy temp_user v1 to v2"
logger=migrator t=2023-04-27T20:21:40.9083796+02:00 level=info msg="Executing migration" id="drop temp_user_tmp_qwerty"
logger=migrator t=2023-04-27T20:21:40.9115963+02:00 level=info msg="Executing migration" id="Set created for temp users that will otherwise prematurely expire"
logger=migrator t=2023-04-27T20:21:40.9142159+02:00 level=info msg="Executing migration" id="create star table"
logger=migrator t=2023-04-27T20:21:40.9175577+02:00 level=info msg="Executing migration" id="add unique index star.user_id_dashboard_id"
logger=migrator t=2023-04-27T20:21:40.9196858+02:00 level=info msg="Executing migration" id="create org table v1"
logger=migrator t=2023-04-27T20:21:40.9226663+02:00 level=info msg="Executing migration" id="create index UQE_org_name - v1"
logger=migrator t=2023-04-27T20:21:40.9273676+02:00 level=info msg="Executing migration" id="create org_user table v1"
logger=migrator t=2023-04-27T20:21:40.9303673+02:00 level=info msg="Executing migration" id="create index IDX_org_user_org_id - v1"
logger=migrator t=2023-04-27T20:21:40.9343674+02:00 level=info msg="Executing migration" id="create index UQE_org_user_org_id_user_id - v1"
logger=migrator t=2023-04-27T20:21:40.9373675+02:00 level=info msg="Executing migration" id="create index IDX_org_user_user_id - v1"
logger=migrator t=2023-04-27T20:21:40.9399743+02:00 level=info msg="Executing migration" id="Update org table charset"
logger=migrator t=2023-04-27T20:21:40.9439835+02:00 level=info msg="Executing migration" id="Update org_user table charset"
logger=migrator t=2023-04-27T20:21:40.9466675+02:00 level=info msg="Executing migration" id="Migrate all Read Only Viewers to Viewers"
logger=migrator t=2023-04-27T20:21:40.9499036+02:00 level=info msg="Executing migration" id="create dashboard table"
logger=migrator t=2023-04-27T20:21:40.9529349+02:00 level=info msg="Executing migration" id="add index dashboard.account_id"
logger=migrator t=2023-04-27T20:21:40.9563669+02:00 level=info msg="Executing migration" id="add unique index dashboard_account_id_slug"
logger=migrator t=2023-04-27T20:21:40.9600844+02:00 level=info msg="Executing migration" id="create dashboard_tag table"
logger=migrator t=2023-04-27T20:21:40.9633112+02:00 level=info msg="Executing migration" id="add unique index dashboard_tag.dasboard_id_term"
logger=migrator t=2023-04-27T20:21:40.9670714+02:00 level=info msg="Executing migration" id="drop index UQE_dashboard_tag_dashboard_id_term - v1"
logger=migrator t=2023-04-27T20:21:40.971479+02:00 level=info msg="Executing migration" id="Rename table dashboard to dashboard_v1 - v1"
logger=migrator t=2023-04-27T20:21:40.9765125+02:00 level=info msg="Executing migration" id="create dashboard v2"
logger=migrator t=2023-04-27T20:21:40.9795114+02:00 level=info msg="Executing migration" id="create index IDX_dashboard_org_id - v2"
logger=migrator t=2023-04-27T20:21:40.9835203+02:00 level=info msg="Executing migration" id="create index UQE_dashboard_org_id_slug - v2"
logger=migrator t=2023-04-27T20:21:40.9875131+02:00 level=info msg="Executing migration" id="copy dashboard v1 to v2"
logger=migrator t=2023-04-27T20:21:40.9915132+02:00 level=info msg="Executing migration" id="drop table dashboard_v1"
logger=migrator t=2023-04-27T20:21:40.9945161+02:00 level=info msg="Executing migration" id="alter dashboard.data to mediumtext v1"
logger=migrator t=2023-04-27T20:21:40.9975151+02:00 level=info msg="Executing migration" id="Add column updated_by in dashboard - v2"
logger=migrator t=2023-04-27T20:21:41.0025149+02:00 level=info msg="Executing migration" id="Add column created_by in dashboard - v2"
logger=migrator t=2023-04-27T20:21:41.0065128+02:00 level=info msg="Executing migration" id="Add column gnetId in dashboard"
logger=migrator t=2023-04-27T20:21:41.0105117+02:00 level=info msg="Executing migration" id="Add index for gnetId in dashboard"
logger=migrator t=2023-04-27T20:21:41.0145137+02:00 level=info msg="Executing migration" id="Add column plugin_id in dashboard"
logger=migrator t=2023-04-27T20:21:41.0195127+02:00 level=info msg="Executing migration" id="Add index for plugin_id in dashboard"
logger=migrator t=2023-04-27T20:21:41.0235135+02:00 level=info msg="Executing migration" id="Add index for dashboard_id in dashboard_tag"
logger=migrator t=2023-04-27T20:21:41.0275133+02:00 level=info msg="Executing migration" id="Update dashboard table charset"
logger=migrator t=2023-04-27T20:21:41.0305135+02:00 level=info msg="Executing migration" id="Update dashboard_tag table charset"
logger=migrator t=2023-04-27T20:21:41.0345153+02:00 level=info msg="Executing migration" id="Add column folder_id in dashboard"
logger=migrator t=2023-04-27T20:21:41.0385171+02:00 level=info msg="Executing migration" id="Add column isFolder in dashboard"
logger=migrator t=2023-04-27T20:21:41.0425129+02:00 level=info msg="Executing migration" id="Add column has_acl in dashboard"
logger=migrator t=2023-04-27T20:21:41.0465135+02:00 level=info msg="Executing migration" id="Add column uid in dashboard"
logger=migrator t=2023-04-27T20:21:41.0525124+02:00 level=info msg="Executing migration" id="Update uid column values in dashboard"
logger=migrator t=2023-04-27T20:21:41.0560404+02:00 level=info msg="Executing migration" id="Add unique index dashboard_org_id_uid"
logger=migrator t=2023-04-27T20:21:41.0600318+02:00 level=info msg="Executing migration" id="Remove unique index org_id_slug"
logger=migrator t=2023-04-27T20:21:41.0630318+02:00 level=info msg="Executing migration" id="Update dashboard title length"
logger=migrator t=2023-04-27T20:21:41.0680318+02:00 level=info msg="Executing migration" id="Add unique index for dashboard_org_id_title_folder_id"
logger=migrator t=2023-04-27T20:21:41.0730322+02:00 level=info msg="Executing migration" id="create dashboard_provisioning"
logger=migrator t=2023-04-27T20:21:41.0760304+02:00 level=info msg="Executing migration" id="Rename table dashboard_provisioning to dashboard_provisioning_tmp_qwerty - v1"
logger=migrator t=2023-04-27T20:21:41.0810315+02:00 level=info msg="Executing migration" id="create dashboard_provisioning v2"
logger=migrator t=2023-04-27T20:21:41.086036+02:00 level=info msg="Executing migration" id="create index IDX_dashboard_provisioning_dashboard_id - v2"
logger=migrator t=2023-04-27T20:21:41.0900339+02:00 level=info msg="Executing migration" id="create index IDX_dashboard_provisioning_dashboard_id_name - v2"
logger=migrator t=2023-04-27T20:21:41.0930324+02:00 level=info msg="Executing migration" id="copy dashboard_provisioning v1 to v2"
logger=migrator t=2023-04-27T20:21:41.0960342+02:00 level=info msg="Executing migration" id="drop dashboard_provisioning_tmp_qwerty"
logger=migrator t=2023-04-27T20:21:41.100041+02:00 level=info msg="Executing migration" id="Add check_sum column"
logger=migrator t=2023-04-27T20:21:41.1040332+02:00 level=info msg="Executing migration" id="Add index for dashboard_title"
logger=migrator t=2023-04-27T20:21:41.1080326+02:00 level=info msg="Executing migration" id="delete tags for deleted dashboards"
logger=migrator t=2023-04-27T20:21:41.111034+02:00 level=info msg="Executing migration" id="delete stars for deleted dashboards"
logger=migrator t=2023-04-27T20:21:41.1150339+02:00 level=info msg="Executing migration" id="Add index for dashboard_is_folder"
logger=migrator t=2023-04-27T20:21:41.1190338+02:00 level=info msg="Executing migration" id="Add isPublic for dashboard"
logger=migrator t=2023-04-27T20:21:41.1230337+02:00 level=info msg="Executing migration" id="create data_source table"
logger=migrator t=2023-04-27T20:21:41.1270327+02:00 level=info msg="Executing migration" id="add index data_source.account_id"
logger=migrator t=2023-04-27T20:21:41.1310355+02:00 level=info msg="Executing migration" id="add unique index data_source.account_id_name"
logger=migrator t=2023-04-27T20:21:41.1350345+02:00 level=info msg="Executing migration" id="drop index IDX_data_source_account_id - v1"
logger=migrator t=2023-04-27T20:21:41.139032+02:00 level=info msg="Executing migration" id="drop index UQE_data_source_account_id_name - v1"
logger=migrator t=2023-04-27T20:21:41.1420328+02:00 level=info msg="Executing migration" id="Rename table data_source to data_source_v1 - v1"
logger=migrator t=2023-04-27T20:21:41.1480335+02:00 level=info msg="Executing migration" id="create data_source table v2"
logger=migrator t=2023-04-27T20:21:41.1510329+02:00 level=info msg="Executing migration" id="create index IDX_data_source_org_id - v2"
logger=migrator t=2023-04-27T20:21:41.1550324+02:00 level=info msg="Executing migration" id="create index UQE_data_source_org_id_name - v2"
logger=migrator t=2023-04-27T20:21:41.1580348+02:00 level=info msg="Executing migration" id="Drop old table data_source_v1 #2"
logger=migrator t=2023-04-27T20:21:41.1620337+02:00 level=info msg="Executing migration" id="Add column with_credentials"
logger=migrator t=2023-04-27T20:21:41.1660373+02:00 level=info msg="Executing migration" id="Add secure json data column"
logger=migrator t=2023-04-27T20:21:41.170032+02:00 level=info msg="Executing migration" id="Update data_source table charset"
logger=migrator t=2023-04-27T20:21:41.1730331+02:00 level=info msg="Executing migration" id="Update initial version to 1"
logger=migrator t=2023-04-27T20:21:41.1760346+02:00 level=info msg="Executing migration" id="Add read_only data column"
logger=migrator t=2023-04-27T20:21:41.1800331+02:00 level=info msg="Executing migration" id="Migrate logging ds to loki ds"
logger=migrator t=2023-04-27T20:21:41.1840332+02:00 level=info msg="Executing migration" id="Update json_data with nulls"
logger=migrator t=2023-04-27T20:21:41.1860325+02:00 level=info msg="Executing migration" id="Add uid column"
logger=migrator t=2023-04-27T20:21:41.1910325+02:00 level=info msg="Executing migration" id="Update uid value"
logger=migrator t=2023-04-27T20:21:41.1940349+02:00 level=info msg="Executing migration" id="Add unique index datasource_org_id_uid"
logger=migrator t=2023-04-27T20:21:41.1970341+02:00 level=info msg="Executing migration" id="add unique index datasource_org_id_is_default"
logger=migrator t=2023-04-27T20:21:41.2020337+02:00 level=info msg="Executing migration" id="create api_key table"
logger=migrator t=2023-04-27T20:21:41.205033+02:00 level=info msg="Executing migration" id="add index api_key.account_id"
logger=migrator t=2023-04-27T20:21:41.2090407+02:00 level=info msg="Executing migration" id="add index api_key.key"
logger=migrator t=2023-04-27T20:21:41.2120332+02:00 level=info msg="Executing migration" id="add index api_key.account_id_name"
logger=migrator t=2023-04-27T20:21:41.2160391+02:00 level=info msg="Executing migration" id="drop index IDX_api_key_account_id - v1"
logger=migrator t=2023-04-27T20:21:41.2200321+02:00 level=info msg="Executing migration" id="drop index UQE_api_key_key - v1"
logger=migrator t=2023-04-27T20:21:41.225036+02:00 level=info msg="Executing migration" id="drop index UQE_api_key_account_id_name - v1"
logger=migrator t=2023-04-27T20:21:41.2280326+02:00 level=info msg="Executing migration" id="Rename table api_key to api_key_v1 - v1"
logger=migrator t=2023-04-27T20:21:41.2335607+02:00 level=info msg="Executing migration" id="create api_key table v2"
logger=migrator t=2023-04-27T20:21:41.2375548+02:00 level=info msg="Executing migration" id="create index IDX_api_key_org_id - v2"
logger=migrator t=2023-04-27T20:21:41.2415571+02:00 level=info msg="Executing migration" id="create index UQE_api_key_key - v2"
logger=migrator t=2023-04-27T20:21:41.2445557+02:00 level=info msg="Executing migration" id="create index UQE_api_key_org_id_name - v2"
logger=migrator t=2023-04-27T20:21:41.2475551+02:00 level=info msg="Executing migration" id="copy api_key v1 to v2"
logger=migrator t=2023-04-27T20:21:41.2515551+02:00 level=info msg="Executing migration" id="Drop old table api_key_v1"
logger=migrator t=2023-04-27T20:21:41.2565566+02:00 level=info msg="Executing migration" id="Update api_key table charset"
logger=migrator t=2023-04-27T20:21:41.2595555+02:00 level=info msg="Executing migration" id="Add expires to api_key table"
logger=migrator t=2023-04-27T20:21:41.2625538+02:00 level=info msg="Executing migration" id="Add service account foreign key"
logger=migrator t=2023-04-27T20:21:41.2675555+02:00 level=info msg="Executing migration" id="set service account foreign key to nil if 0"
logger=migrator t=2023-04-27T20:21:41.2715563+02:00 level=info msg="Executing migration" id="Add last_used_at to api_key table"
logger=migrator t=2023-04-27T20:21:41.2755549+02:00 level=info msg="Executing migration" id="Add is_revoked column to api_key table"
logger=migrator t=2023-04-27T20:21:41.2795536+02:00 level=info msg="Executing migration" id="create dashboard_snapshot table v4"
logger=migrator t=2023-04-27T20:21:41.2835555+02:00 level=info msg="Executing migration" id="drop table dashboard_snapshot_v4 #1"
logger=migrator t=2023-04-27T20:21:41.2885572+02:00 level=info msg="Executing migration" id="create dashboard_snapshot table v5 #2"
logger=migrator t=2023-04-27T20:21:41.2915558+02:00 level=info msg="Executing migration" id="create index UQE_dashboard_snapshot_key - v5"
logger=migrator t=2023-04-27T20:21:41.2955551+02:00 level=info msg="Executing migration" id="create index UQE_dashboard_snapshot_delete_key - v5"
logger=migrator t=2023-04-27T20:21:41.2995596+02:00 level=info msg="Executing migration" id="create index IDX_dashboard_snapshot_user_id - v5"
logger=migrator t=2023-04-27T20:21:41.3045563+02:00 level=info msg="Executing migration" id="alter dashboard_snapshot to mediumtext v2"
logger=migrator t=2023-04-27T20:21:41.307555+02:00 level=info msg="Executing migration" id="Update dashboard_snapshot table charset"
logger=migrator t=2023-04-27T20:21:41.3105551+02:00 level=info msg="Executing migration" id="Add column external_delete_url to dashboard_snapshots table"
logger=migrator t=2023-04-27T20:21:41.3145545+02:00 level=info msg="Executing migration" id="Add encrypted dashboard json column"
logger=migrator t=2023-04-27T20:21:41.3205557+02:00 level=info msg="Executing migration" id="Change dashboard_encrypted column to MEDIUMBLOB"
logger=migrator t=2023-04-27T20:21:41.3235589+02:00 level=info msg="Executing migration" id="create quota table v1"
logger=migrator t=2023-04-27T20:21:41.3265591+02:00 level=info msg="Executing migration" id="create index UQE_quota_org_id_user_id_target - v1"
logger=migrator t=2023-04-27T20:21:41.3305555+02:00 level=info msg="Executing migration" id="Update quota table charset"
logger=migrator t=2023-04-27T20:21:41.3345552+02:00 level=info msg="Executing migration" id="create plugin_setting table"
logger=migrator t=2023-04-27T20:21:41.3385582+02:00 level=info msg="Executing migration" id="create index UQE_plugin_setting_org_id_plugin_id - v1"
logger=migrator t=2023-04-27T20:21:41.3415542+02:00 level=info msg="Executing migration" id="Add column plugin_version to plugin_settings"
logger=migrator t=2023-04-27T20:21:41.345556+02:00 level=info msg="Executing migration" id="Update plugin_setting table charset"
logger=migrator t=2023-04-27T20:21:41.3505565+02:00 level=info msg="Executing migration" id="create session table"
logger=migrator t=2023-04-27T20:21:41.3545551+02:00 level=info msg="Executing migration" id="Drop old table playlist table"
logger=migrator t=2023-04-27T20:21:41.3575554+02:00 level=info msg="Executing migration" id="Drop old table playlist_item table"
logger=migrator t=2023-04-27T20:21:41.360554+02:00 level=info msg="Executing migration" id="create playlist table v2"
logger=migrator t=2023-04-27T20:21:41.3665581+02:00 level=info msg="Executing migration" id="create playlist item table v2"
logger=migrator t=2023-04-27T20:21:41.3695568+02:00 level=info msg="Executing migration" id="Update playlist table charset"
logger=migrator t=2023-04-27T20:21:41.3725588+02:00 level=info msg="Executing migration" id="Update playlist_item table charset"
logger=migrator t=2023-04-27T20:21:41.3755579+02:00 level=info msg="Executing migration" id="drop preferences table v2"
logger=migrator t=2023-04-27T20:21:41.3795553+02:00 level=info msg="Executing migration" id="drop preferences table v3"
logger=migrator t=2023-04-27T20:21:41.3835562+02:00 level=info msg="Executing migration" id="create preferences table v3"
logger=migrator t=2023-04-27T20:21:41.3875552+02:00 level=info msg="Executing migration" id="Update preferences table charset"
logger=migrator t=2023-04-27T20:21:41.3895558+02:00 level=info msg="Executing migration" id="Add column team_id in preferences"
logger=migrator t=2023-04-27T20:21:41.3945554+02:00 level=info msg="Executing migration" id="Update team_id column values in preferences"
logger=migrator t=2023-04-27T20:21:41.3975648+02:00 level=info msg="Executing migration" id="Add column week_start in preferences"
logger=migrator t=2023-04-27T20:21:41.4025543+02:00 level=info msg="Executing migration" id="Add column preferences.json_data"
logger=migrator t=2023-04-27T20:21:41.406555+02:00 level=info msg="Executing migration" id="alter preferences.json_data to mediumtext v1"
logger=migrator t=2023-04-27T20:21:41.4105586+02:00 level=info msg="Executing migration" id="Add preferences index org_id"
logger=migrator t=2023-04-27T20:21:41.414555+02:00 level=info msg="Executing migration" id="Add preferences index user_id"
logger=migrator t=2023-04-27T20:21:41.4185547+02:00 level=info msg="Executing migration" id="create alert table v1"
logger=migrator t=2023-04-27T20:21:41.4225558+02:00 level=info msg="Executing migration" id="add index alert org_id & id "
logger=migrator t=2023-04-27T20:21:41.4265559+02:00 level=info msg="Executing migration" id="add index alert state"
logger=migrator t=2023-04-27T20:21:41.4305576+02:00 level=info msg="Executing migration" id="add index alert dashboard_id"
logger=migrator t=2023-04-27T20:21:41.4345552+02:00 level=info msg="Executing migration" id="Create alert_rule_tag table v1"
logger=migrator t=2023-04-27T20:21:41.4385591+02:00 level=info msg="Executing migration" id="Add unique index alert_rule_tag.alert_id_tag_id"
logger=migrator t=2023-04-27T20:21:41.4425552+02:00 level=info msg="Executing migration" id="drop index UQE_alert_rule_tag_alert_id_tag_id - v1"
logger=migrator t=2023-04-27T20:21:41.4455573+02:00 level=info msg="Executing migration" id="Rename table alert_rule_tag to alert_rule_tag_v1 - v1"
logger=migrator t=2023-04-27T20:21:41.4535551+02:00 level=info msg="Executing migration" id="Create alert_rule_tag table v2"
logger=migrator t=2023-04-27T20:21:41.459557+02:00 level=info msg="Executing migration" id="create index UQE_alert_rule_tag_alert_id_tag_id - Add unique index alert_rule_tag.alert_id_tag_id V2"
logger=migrator t=2023-04-27T20:21:41.4635548+02:00 level=info msg="Executing migration" id="copy alert_rule_tag v1 to v2"
logger=migrator t=2023-04-27T20:21:41.4665564+02:00 level=info msg="Executing migration" id="drop table alert_rule_tag_v1"
logger=migrator t=2023-04-27T20:21:41.4705567+02:00 level=info msg="Executing migration" id="create alert_notification table v1"
logger=migrator t=2023-04-27T20:21:41.4745551+02:00 level=info msg="Executing migration" id="Add column is_default"
logger=migrator t=2023-04-27T20:21:41.479555+02:00 level=info msg="Executing migration" id="Add column frequency"
logger=migrator t=2023-04-27T20:21:41.4835568+02:00 level=info msg="Executing migration" id="Add column send_reminder"
logger=migrator t=2023-04-27T20:21:41.4885562+02:00 level=info msg="Executing migration" id="Add column disable_resolve_message"
logger=migrator t=2023-04-27T20:21:41.493556+02:00 level=info msg="Executing migration" id="add index alert_notification org_id & name"
logger=migrator t=2023-04-27T20:21:41.4965558+02:00 level=info msg="Executing migration" id="Update alert table charset"
logger=migrator t=2023-04-27T20:21:41.5005558+02:00 level=info msg="Executing migration" id="Update alert_notification table charset"
logger=migrator t=2023-04-27T20:21:41.5035567+02:00 level=info msg="Executing migration" id="create notification_journal table v1"
logger=migrator t=2023-04-27T20:21:41.5075617+02:00 level=info msg="Executing migration" id="add index notification_journal org_id & alert_id & notifier_id"
logger=migrator t=2023-04-27T20:21:41.5115552+02:00 level=info msg="Executing migration" id="drop alert_notification_journal"
logger=migrator t=2023-04-27T20:21:41.5155579+02:00 level=info msg="Executing migration" id="create alert_notification_state table v1"
logger=migrator t=2023-04-27T20:21:41.5185566+02:00 level=info msg="Executing migration" id="add index alert_notification_state org_id & alert_id & notifier_id"
logger=migrator t=2023-04-27T20:21:41.522555+02:00 level=info msg="Executing migration" id="Add for to alert table"
logger=migrator t=2023-04-27T20:21:41.5275556+02:00 level=info msg="Executing migration" id="Add column uid in alert_notification"
logger=migrator t=2023-04-27T20:21:41.5315566+02:00 level=info msg="Executing migration" id="Update uid column values in alert_notification"
logger=migrator t=2023-04-27T20:21:41.5355554+02:00 level=info msg="Executing migration" id="Add unique index alert_notification_org_id_uid"
logger=migrator t=2023-04-27T20:21:41.5385575+02:00 level=info msg="Executing migration" id="Remove unique index org_id_name"
logger=migrator t=2023-04-27T20:21:41.5425541+02:00 level=info msg="Executing migration" id="Add column secure_settings in alert_notification"
logger=migrator t=2023-04-27T20:21:41.5475547+02:00 level=info msg="Executing migration" id="alter alert.settings to mediumtext"
logger=migrator t=2023-04-27T20:21:41.5515545+02:00 level=info msg="Executing migration" id="Add non-unique index alert_notification_state_alert_id"
logger=migrator t=2023-04-27T20:21:41.5555553+02:00 level=info msg="Executing migration" id="Add non-unique index alert_rule_tag_alert_id"
logger=migrator t=2023-04-27T20:21:41.5585554+02:00 level=info msg="Executing migration" id="Drop old annotation table v4"
logger=migrator t=2023-04-27T20:21:41.5615557+02:00 level=info msg="Executing migration" id="create annotation table v5"
logger=migrator t=2023-04-27T20:21:41.5655554+02:00 level=info msg="Executing migration" id="add index annotation 0 v3"
logger=migrator t=2023-04-27T20:21:41.5695567+02:00 level=info msg="Executing migration" id="add index annotation 1 v3"
logger=migrator t=2023-04-27T20:21:41.5725561+02:00 level=info msg="Executing migration" id="add index annotation 2 v3"
logger=migrator t=2023-04-27T20:21:41.5755552+02:00 level=info msg="Executing migration" id="add index annotation 3 v3"
logger=migrator t=2023-04-27T20:21:41.5795559+02:00 level=info msg="Executing migration" id="add index annotation 4 v3"
logger=migrator t=2023-04-27T20:21:41.585584+02:00 level=info msg="Executing migration" id="Update annotation table charset"
logger=migrator t=2023-04-27T20:21:41.5885553+02:00 level=info msg="Executing migration" id="Add column region_id to annotation table"
logger=migrator t=2023-04-27T20:21:41.5935551+02:00 level=info msg="Executing migration" id="Drop category_id index"
logger=migrator t=2023-04-27T20:21:41.5965573+02:00 level=info msg="Executing migration" id="Add column tags to annotation table"
logger=migrator t=2023-04-27T20:21:41.6015563+02:00 level=info msg="Executing migration" id="Create annotation_tag table v2"
logger=migrator t=2023-04-27T20:21:41.6055986+02:00 level=info msg="Executing migration" id="Add unique index annotation_tag.annotation_id_tag_id"
logger=migrator t=2023-04-27T20:21:41.6086382+02:00 level=info msg="Executing migration" id="drop index UQE_annotation_tag_annotation_id_tag_id - v2"
logger=migrator t=2023-04-27T20:21:41.6126646+02:00 level=info msg="Executing migration" id="Rename table annotation_tag to annotation_tag_v2 - v2"
logger=migrator t=2023-04-27T20:21:41.6206397+02:00 level=info msg="Executing migration" id="Create annotation_tag table v3"
logger=migrator t=2023-04-27T20:21:41.6246377+02:00 level=info msg="Executing migration" id="create index UQE_annotation_tag_annotation_id_tag_id - Add unique index annotation_tag.annotation_id_tag_id V3"
logger=migrator t=2023-04-27T20:21:41.6276389+02:00 level=info msg="Executing migration" id="copy annotation_tag v2 to v3"
logger=migrator t=2023-04-27T20:21:41.6316402+02:00 level=info msg="Executing migration" id="drop table annotation_tag_v2"
logger=migrator t=2023-04-27T20:21:41.6356379+02:00 level=info msg="Executing migration" id="Update alert annotations and set TEXT to empty"
logger=migrator t=2023-04-27T20:21:41.6386655+02:00 level=info msg="Executing migration" id="Add created time to annotation table"
logger=migrator t=2023-04-27T20:21:41.642638+02:00 level=info msg="Executing migration" id="Add updated time to annotation table"
logger=migrator t=2023-04-27T20:21:41.6476392+02:00 level=info msg="Executing migration" id="Add index for created in annotation table"
logger=migrator t=2023-04-27T20:21:41.6516385+02:00 level=info msg="Executing migration" id="Add index for updated in annotation table"
logger=migrator t=2023-04-27T20:21:41.6546386+02:00 level=info msg="Executing migration" id="Convert existing annotations from seconds to milliseconds"
logger=migrator t=2023-04-27T20:21:41.6576396+02:00 level=info msg="Executing migration" id="Add epoch_end column"
logger=migrator t=2023-04-27T20:21:41.6626575+02:00 level=info msg="Executing migration" id="Add index for epoch_end"
logger=migrator t=2023-04-27T20:21:41.6666384+02:00 level=info msg="Executing migration" id="Make epoch_end the same as epoch"
logger=migrator t=2023-04-27T20:21:41.6696373+02:00 level=info msg="Executing migration" id="Move region to single row"
logger=migrator t=2023-04-27T20:21:41.6726375+02:00 level=info msg="Executing migration" id="Remove index org_id_epoch from annotation table"
logger=migrator t=2023-04-27T20:21:41.6766384+02:00 level=info msg="Executing migration" id="Remove index org_id_dashboard_id_panel_id_epoch from annotation table"
logger=migrator t=2023-04-27T20:21:41.6806391+02:00 level=info msg="Executing migration" id="Add index for org_id_dashboard_id_epoch_end_epoch on annotation table"
logger=migrator t=2023-04-27T20:21:41.6846414+02:00 level=info msg="Executing migration" id="Add index for org_id_epoch_end_epoch on annotation table"
logger=migrator t=2023-04-27T20:21:41.6876372+02:00 level=info msg="Executing migration" id="Remove index org_id_epoch_epoch_end from annotation table"
logger=migrator t=2023-04-27T20:21:41.6926395+02:00 level=info msg="Executing migration" id="Add index for alert_id on annotation table"
logger=migrator t=2023-04-27T20:21:41.6966369+02:00 level=info msg="Executing migration" id="Increase tags column to length 4096"
logger=migrator t=2023-04-27T20:21:41.7006391+02:00 level=info msg="Executing migration" id="create test_data table"
logger=migrator t=2023-04-27T20:21:41.7036678+02:00 level=info msg="Executing migration" id="create dashboard_version table v1"
logger=migrator t=2023-04-27T20:21:41.7086398+02:00 level=info msg="Executing migration" id="add index dashboard_version.dashboard_id"
logger=migrator t=2023-04-27T20:21:41.7126372+02:00 level=info msg="Executing migration" id="add unique index dashboard_version.dashboard_id and dashboard_version.version"
logger=migrator t=2023-04-27T20:21:41.71664+02:00 level=info msg="Executing migration" id="Set dashboard version to 1 where 0"
logger=migrator t=2023-04-27T20:21:41.7196757+02:00 level=info msg="Executing migration" id="save existing dashboard data in dashboard_version table v1"
logger=migrator t=2023-04-27T20:21:41.723638+02:00 level=info msg="Executing migration" id="alter dashboard_version.data to mediumtext v1"
logger=migrator t=2023-04-27T20:21:41.7266389+02:00 level=info msg="Executing migration" id="create team table"
logger=migrator t=2023-04-27T20:21:41.7306621+02:00 level=info msg="Executing migration" id="add index team.org_id"
logger=migrator t=2023-04-27T20:21:41.7346388+02:00 level=info msg="Executing migration" id="add unique index team_org_id_name"
logger=migrator t=2023-04-27T20:21:41.7386382+02:00 level=info msg="Executing migration" id="create team member table"
logger=migrator t=2023-04-27T20:21:41.7430508+02:00 level=info msg="Executing migration" id="add index team_member.org_id"
logger=migrator t=2023-04-27T20:21:41.7467023+02:00 level=info msg="Executing migration" id="add unique index team_member_org_id_team_id_user_id"
logger=migrator t=2023-04-27T20:21:41.7497033+02:00 level=info msg="Executing migration" id="add index team_member.team_id"
logger=migrator t=2023-04-27T20:21:41.7527029+02:00 level=info msg="Executing migration" id="Add column email to team table"
logger=migrator t=2023-04-27T20:21:41.7577032+02:00 level=info msg="Executing migration" id="Add column external to team_member table"
logger=migrator t=2023-04-27T20:21:41.7617034+02:00 level=info msg="Executing migration" id="Add column permission to team_member table"
logger=migrator t=2023-04-27T20:21:41.7667036+02:00 level=info msg="Executing migration" id="create dashboard acl table"
logger=migrator t=2023-04-27T20:21:41.7697029+02:00 level=info msg="Executing migration" id="add index dashboard_acl_dashboard_id"
logger=migrator t=2023-04-27T20:21:41.7737229+02:00 level=info msg="Executing migration" id="add unique index dashboard_acl_dashboard_id_user_id"
logger=migrator t=2023-04-27T20:21:41.7767031+02:00 level=info msg="Executing migration" id="add unique index dashboard_acl_dashboard_id_team_id"
logger=migrator t=2023-04-27T20:21:41.7807323+02:00 level=info msg="Executing migration" id="add index dashboard_acl_user_id"
logger=migrator t=2023-04-27T20:21:41.7847025+02:00 level=info msg="Executing migration" id="add index dashboard_acl_team_id"
logger=migrator t=2023-04-27T20:21:41.7887036+02:00 level=info msg="Executing migration" id="add index dashboard_acl_org_id_role"
logger=migrator t=2023-04-27T20:21:41.7927028+02:00 level=info msg="Executing migration" id="add index dashboard_permission"
logger=migrator t=2023-04-27T20:21:41.7967054+02:00 level=info msg="Executing migration" id="save default acl rules in dashboard_acl table"
logger=migrator t=2023-04-27T20:21:41.8017027+02:00 level=info msg="Executing migration" id="delete acl rules for deleted dashboards and folders"
logger=migrator t=2023-04-27T20:21:41.8047052+02:00 level=info msg="Executing migration" id="create tag table"
logger=migrator t=2023-04-27T20:21:41.8087276+02:00 level=info msg="Executing migration" id="add index tag.key_value"
logger=migrator t=2023-04-27T20:21:41.8117029+02:00 level=info msg="Executing migration" id="create login attempt table"
logger=migrator t=2023-04-27T20:21:41.8167028+02:00 level=info msg="Executing migration" id="add index login_attempt.username"
logger=migrator t=2023-04-27T20:21:41.8212238+02:00 level=info msg="Executing migration" id="drop index IDX_login_attempt_username - v1"
logger=migrator t=2023-04-27T20:21:41.8242211+02:00 level=info msg="Executing migration" id="Rename table login_attempt to login_attempt_tmp_qwerty - v1"
logger=migrator t=2023-04-27T20:21:41.8334928+02:00 level=info msg="Executing migration" id="create login_attempt v2"
logger=migrator t=2023-04-27T20:21:41.8376599+02:00 level=info msg="Executing migration" id="create index IDX_login_attempt_username - v2"
logger=migrator t=2023-04-27T20:21:41.8406599+02:00 level=info msg="Executing migration" id="copy login_attempt v1 to v2"
logger=migrator t=2023-04-27T20:21:41.8446581+02:00 level=info msg="Executing migration" id="drop login_attempt_tmp_qwerty"
logger=migrator t=2023-04-27T20:21:41.8486625+02:00 level=info msg="Executing migration" id="create user auth table"
logger=migrator t=2023-04-27T20:21:41.8526618+02:00 level=info msg="Executing migration" id="create index IDX_user_auth_auth_module_auth_id - v1"
logger=migrator t=2023-04-27T20:21:41.8556594+02:00 level=info msg="Executing migration" id="alter user_auth.auth_id to length 190"
logger=migrator t=2023-04-27T20:21:41.8596586+02:00 level=info msg="Executing migration" id="Add OAuth access token to user_auth"
logger=migrator t=2023-04-27T20:21:41.8646696+02:00 level=info msg="Executing migration" id="Add OAuth refresh token to user_auth"
logger=migrator t=2023-04-27T20:21:41.8710709+02:00 level=info msg="Executing migration" id="Add OAuth token type to user_auth"
logger=migrator t=2023-04-27T20:21:41.8760018+02:00 level=info msg="Executing migration" id="Add OAuth expiry to user_auth"
logger=migrator t=2023-04-27T20:21:41.8810001+02:00 level=info msg="Executing migration" id="Add index to user_id column in user_auth"
logger=migrator t=2023-04-27T20:21:41.8859068+02:00 level=info msg="Executing migration" id="Add OAuth ID token to user_auth"
logger=migrator t=2023-04-27T20:21:41.8903941+02:00 level=info msg="Executing migration" id="create server_lock table"
logger=migrator t=2023-04-27T20:21:41.8942203+02:00 level=info msg="Executing migration" id="add index server_lock.operation_uid"
logger=migrator t=2023-04-27T20:21:41.8987098+02:00 level=info msg="Executing migration" id="create user auth token table"
logger=migrator t=2023-04-27T20:21:41.903156+02:00 level=info msg="Executing migration" id="add unique index user_auth_token.auth_token"
logger=migrator t=2023-04-27T20:21:41.9070006+02:00 level=info msg="Executing migration" id="add unique index user_auth_token.prev_auth_token"
logger=migrator t=2023-04-27T20:21:41.9113133+02:00 level=info msg="Executing migration" id="add index user_auth_token.user_id"
logger=migrator t=2023-04-27T20:21:41.9150996+02:00 level=info msg="Executing migration" id="Add revoked_at to the user auth token"
logger=migrator t=2023-04-27T20:21:41.9206238+02:00 level=info msg="Executing migration" id="create cache_data table"
logger=migrator t=2023-04-27T20:21:41.9244498+02:00 level=info msg="Executing migration" id="add unique index cache_data.cache_key"
logger=migrator t=2023-04-27T20:21:41.9281677+02:00 level=info msg="Executing migration" id="create short_url table v1"
logger=migrator t=2023-04-27T20:21:41.9326833+02:00 level=info msg="Executing migration" id="add index short_url.org_id-uid"
logger=migrator t=2023-04-27T20:21:41.9370497+02:00 level=info msg="Executing migration" id="alter table short_url alter column created_by type to bigint"
logger=migrator t=2023-04-27T20:21:41.9398295+02:00 level=info msg="Executing migration" id="delete alert_definition table"
logger=migrator t=2023-04-27T20:21:41.9431773+02:00 level=info msg="Executing migration" id="recreate alert_definition table"
logger=migrator t=2023-04-27T20:21:41.9481676+02:00 level=info msg="Executing migration" id="add index in alert_definition on org_id and title columns"
logger=migrator t=2023-04-27T20:21:41.9537062+02:00 level=info msg="Executing migration" id="add index in alert_definition on org_id and uid columns"
logger=migrator t=2023-04-27T20:21:41.9580585+02:00 level=info msg="Executing migration" id="alter alert_definition table data column to mediumtext in mysql"
logger=migrator t=2023-04-27T20:21:41.9614378+02:00 level=info msg="Executing migration" id="drop index in alert_definition on org_id and title columns"
logger=migrator t=2023-04-27T20:21:41.9657712+02:00 level=info msg="Executing migration" id="drop index in alert_definition on org_id and uid columns"
logger=migrator t=2023-04-27T20:21:41.9701927+02:00 level=info msg="Executing migration" id="add unique index in alert_definition on org_id and title columns"
logger=migrator t=2023-04-27T20:21:41.9752031+02:00 level=info msg="Executing migration" id="add unique index in alert_definition on org_id and uid columns"
logger=migrator t=2023-04-27T20:21:41.9790587+02:00 level=info msg="Executing migration" id="Add column paused in alert_definition"
logger=migrator t=2023-04-27T20:21:41.984791+02:00 level=info msg="Executing migration" id="drop alert_definition table"
logger=migrator t=2023-04-27T20:21:41.9909966+02:00 level=info msg="Executing migration" id="delete alert_definition_version table"
logger=migrator t=2023-04-27T20:21:41.9940324+02:00 level=info msg="Executing migration" id="recreate alert_definition_version table"
logger=migrator t=2023-04-27T20:21:41.9976249+02:00 level=info msg="Executing migration" id="add index in alert_definition_version table on alert_definition_id and version columns"
logger=migrator t=2023-04-27T20:21:42.0016302+02:00 level=info msg="Executing migration" id="add index in alert_definition_version table on alert_definition_uid and version columns"
logger=migrator t=2023-04-27T20:21:42.0066245+02:00 level=info msg="Executing migration" id="alter alert_definition_version table data column to mediumtext in mysql"
logger=migrator t=2023-04-27T20:21:42.0105076+02:00 level=info msg="Executing migration" id="drop alert_definition_version table"
logger=migrator t=2023-04-27T20:21:42.0143513+02:00 level=info msg="Executing migration" id="create alert_instance table"
logger=migrator t=2023-04-27T20:21:42.0193358+02:00 level=info msg="Executing migration" id="add index in alert_instance table on def_org_id, def_uid and current_state columns"
logger=migrator t=2023-04-27T20:21:42.0236408+02:00 level=info msg="Executing migration" id="add index in alert_instance table on def_org_id, current_state columns"
logger=migrator t=2023-04-27T20:21:42.0275631+02:00 level=info msg="Executing migration" id="add column current_state_end to alert_instance"
logger=migrator t=2023-04-27T20:21:42.0331139+02:00 level=info msg="Executing migration" id="remove index def_org_id, def_uid, current_state on alert_instance"
logger=migrator t=2023-04-27T20:21:42.0374495+02:00 level=info msg="Executing migration" id="remove index def_org_id, current_state on alert_instance"
logger=migrator t=2023-04-27T20:21:42.042095+02:00 level=info msg="Executing migration" id="rename def_org_id to rule_org_id in alert_instance"
logger=migrator t=2023-04-27T20:21:42.0580983+02:00 level=info msg="Executing migration" id="rename def_uid to rule_uid in alert_instance"
logger=migrator t=2023-04-27T20:21:42.0738775+02:00 level=info msg="Executing migration" id="add index rule_org_id, rule_uid, current_state on alert_instance"
logger=migrator t=2023-04-27T20:21:42.0783988+02:00 level=info msg="Executing migration" id="add index rule_org_id, current_state on alert_instance"
logger=migrator t=2023-04-27T20:21:42.0829325+02:00 level=info msg="Executing migration" id="add current_reason column related to current_state"
logger=migrator t=2023-04-27T20:21:42.0885286+02:00 level=info msg="Executing migration" id="create alert_rule table"
logger=migrator t=2023-04-27T20:21:42.0926161+02:00 level=info msg="Executing migration" id="add index in alert_rule on org_id and title columns"
logger=migrator t=2023-04-27T20:21:42.0988869+02:00 level=info msg="Executing migration" id="add index in alert_rule on org_id and uid columns"
logger=migrator t=2023-04-27T20:21:42.1038844+02:00 level=info msg="Executing migration" id="add index in alert_rule on org_id, namespace_uid, group_uid columns"
logger=migrator t=2023-04-27T20:21:42.1088883+02:00 level=info msg="Executing migration" id="alter alert_rule table data column to mediumtext in mysql"
logger=migrator t=2023-04-27T20:21:42.1133819+02:00 level=info msg="Executing migration" id="add column for to alert_rule"
logger=migrator t=2023-04-27T20:21:42.1192241+02:00 level=info msg="Executing migration" id="add column annotations to alert_rule"
logger=migrator t=2023-04-27T20:21:42.1242851+02:00 level=info msg="Executing migration" id="add column labels to alert_rule"
logger=migrator t=2023-04-27T20:21:42.130359+02:00 level=info msg="Executing migration" id="remove unique index from alert_rule on org_id, title columns"
logger=migrator t=2023-04-27T20:21:42.1348176+02:00 level=info msg="Executing migration" id="add index in alert_rule on org_id, namespase_uid and title columns"
logger=migrator t=2023-04-27T20:21:42.1391623+02:00 level=info msg="Executing migration" id="add dashboard_uid column to alert_rule"
logger=migrator t=2023-04-27T20:21:42.1443874+02:00 level=info msg="Executing migration" id="add panel_id column to alert_rule"
logger=migrator t=2023-04-27T20:21:42.1504038+02:00 level=info msg="Executing migration" id="add index in alert_rule on org_id, dashboard_uid and panel_id columns"
logger=migrator t=2023-04-27T20:21:42.1548763+02:00 level=info msg="Executing migration" id="add rule_group_idx column to alert_rule"
logger=migrator t=2023-04-27T20:21:42.1602713+02:00 level=info msg="Executing migration" id="add is_paused column to alert_rule table"
logger=migrator t=2023-04-27T20:21:42.165742+02:00 level=info msg="Executing migration" id="fix is_paused column for alert_rule table"
logger=migrator t=2023-04-27T20:21:42.1690406+02:00 level=info msg="Executing migration" id="create alert_rule_version table"
logger=migrator t=2023-04-27T20:21:42.1745662+02:00 level=info msg="Executing migration" id="add index in alert_rule_version table on rule_org_id, rule_uid and version columns"
logger=migrator t=2023-04-27T20:21:42.1783657+02:00 level=info msg="Executing migration" id="add index in alert_rule_version table on rule_org_id, rule_namespace_uid and rule_group columns"
logger=migrator t=2023-04-27T20:21:42.1826887+02:00 level=info msg="Executing migration" id="alter alert_rule_version table data column to mediumtext in mysql"
logger=migrator t=2023-04-27T20:21:42.1853877+02:00 level=info msg="Executing migration" id="add column for to alert_rule_version"
logger=migrator t=2023-04-27T20:21:42.19232+02:00 level=info msg="Executing migration" id="add column annotations to alert_rule_version"
logger=migrator t=2023-04-27T20:21:42.1977788+02:00 level=info msg="Executing migration" id="add column labels to alert_rule_version"
logger=migrator t=2023-04-27T20:21:42.2046424+02:00 level=info msg="Executing migration" id="add rule_group_idx column to alert_rule_version"
logger=migrator t=2023-04-27T20:21:42.2108584+02:00 level=info msg="Executing migration" id="add is_paused column to alert_rule_versions table"
logger=migrator t=2023-04-27T20:21:42.2200194+02:00 level=info msg="Executing migration" id="fix is_paused column for alert_rule_version table"
logger=migrator t=2023-04-27T20:21:42.223249+02:00 level=info msg="Executing migration" id=create_alert_configuration_table
logger=migrator t=2023-04-27T20:21:42.2270644+02:00 level=info msg="Executing migration" id="Add column default in alert_configuration"
logger=migrator t=2023-04-27T20:21:42.2336169+02:00 level=info msg="Executing migration" id="alert alert_configuration alertmanager_configuration column from TEXT to MEDIUMTEXT if mysql"
logger=migrator t=2023-04-27T20:21:42.2373048+02:00 level=info msg="Executing migration" id="add column org_id in alert_configuration"
logger=migrator t=2023-04-27T20:21:42.2440743+02:00 level=info msg="Executing migration" id="add index in alert_configuration table on org_id column"
logger=migrator t=2023-04-27T20:21:42.2484425+02:00 level=info msg="Executing migration" id="add configuration_hash column to alert_configuration"
logger=migrator t=2023-04-27T20:21:42.2558452+02:00 level=info msg="Executing migration" id=create_ngalert_configuration_table
logger=migrator t=2023-04-27T20:21:42.2601606+02:00 level=info msg="Executing migration" id="add index in ngalert_configuration on org_id column"
logger=migrator t=2023-04-27T20:21:42.2672602+02:00 level=info msg="Executing migration" id="add column send_alerts_to in ngalert_configuration"
logger=migrator t=2023-04-27T20:21:42.2724675+02:00 level=info msg="Executing migration" id="create provenance_type table"
logger=migrator t=2023-04-27T20:21:42.2764447+02:00 level=info msg="Executing migration" id="add index to uniquify (record_key, record_type, org_id) columns"
logger=migrator t=2023-04-27T20:21:42.2818045+02:00 level=info msg="Executing migration" id="create alert_image table"
logger=migrator t=2023-04-27T20:21:42.2860137+02:00 level=info msg="Executing migration" id="add unique index on token to alert_image table"
logger=migrator t=2023-04-27T20:21:42.2900108+02:00 level=info msg="Executing migration" id="support longer URLs in alert_image table"
logger=migrator t=2023-04-27T20:21:42.294013+02:00 level=info msg="Executing migration" id=create_alert_configuration_history_table
logger=migrator t=2023-04-27T20:21:42.2990148+02:00 level=info msg="Executing migration" id="drop non-unique orgID index on alert_configuration"
logger=migrator t=2023-04-27T20:21:42.303012+02:00 level=info msg="Executing migration" id="drop unique orgID index on alert_configuration if exists"
logger=migrator t=2023-04-27T20:21:42.3040126+02:00 level=warn msg="Skipping migration: Already executed, but not recorded in migration log" id="drop unique orgID index on alert_configuration if exists"
logger=migrator t=2023-04-27T20:21:42.3070118+02:00 level=info msg="Executing migration" id="extract alertmanager configuration history to separate table"
logger=migrator t=2023-04-27T20:21:42.3130134+02:00 level=info msg="Executing migration" id="add unique index on orgID to alert_configuration"
logger=migrator t=2023-04-27T20:21:42.319013+02:00 level=info msg="Executing migration" id="add last_applied column to alert_configuration_history"
logger=migrator t=2023-04-27T20:21:42.3250122+02:00 level=info msg="Executing migration" id="clear migration entry \"remove unified alerting data\""
logger=migrator t=2023-04-27T20:21:42.3280135+02:00 level=info msg="Executing migration" id="move dashboard alerts to unified alerting"
logger=migrator t=2023-04-27T20:21:42.3290126+02:00 level=info msg="alerts found to migrate" alerts=0
logger=migrator t=2023-04-27T20:21:42.3330115+02:00 level=info msg="Executing migration" id="create library_element table v1"
logger=migrator t=2023-04-27T20:21:42.3370096+02:00 level=info msg="Executing migration" id="add index library_element org_id-folder_id-name-kind"
logger=migrator t=2023-04-27T20:21:42.3430145+02:00 level=info msg="Executing migration" id="create library_element_connection table v1"
logger=migrator t=2023-04-27T20:21:42.3480148+02:00 level=info msg="Executing migration" id="add index library_element_connection element_id-kind-connection_id"
logger=migrator t=2023-04-27T20:21:42.3530108+02:00 level=info msg="Executing migration" id="add unique index library_element org_id_uid"
logger=migrator t=2023-04-27T20:21:42.3600113+02:00 level=info msg="Executing migration" id="increase max description length to 2048"
logger=migrator t=2023-04-27T20:21:42.3640281+02:00 level=info msg="Executing migration" id="alter library_element model to mediumtext"
logger=migrator t=2023-04-27T20:21:42.3687874+02:00 level=info msg="Executing migration" id="clone move dashboard alerts to unified alerting"
logger=migrator t=2023-04-27T20:21:42.4348712+02:00 level=info msg="Executing migration" id="create data_keys table"
logger=migrator t=2023-04-27T20:21:42.4417687+02:00 level=info msg="Executing migration" id="create secrets table"
logger=migrator t=2023-04-27T20:21:42.446406+02:00 level=info msg="Executing migration" id="rename data_keys name column to id"
logger=migrator t=2023-04-27T20:21:42.4747356+02:00 level=info msg="Executing migration" id="add name column into data_keys"
logger=migrator t=2023-04-27T20:21:42.481224+02:00 level=info msg="Executing migration" id="copy data_keys id column values into name"
logger=migrator t=2023-04-27T20:21:42.4855654+02:00 level=info msg="Executing migration" id="rename data_keys name column to label"
logger=migrator t=2023-04-27T20:21:42.5078584+02:00 level=info msg="Executing migration" id="rename data_keys id column back to name"
logger=migrator t=2023-04-27T20:21:42.5353778+02:00 level=info msg="Executing migration" id="create kv_store table v1"
logger=migrator t=2023-04-27T20:21:42.5391992+02:00 level=info msg="Executing migration" id="add index kv_store.org_id-namespace-key"
logger=migrator t=2023-04-27T20:21:42.5435033+02:00 level=info msg="Executing migration" id="update dashboard_uid and panel_id from existing annotations"
logger=migrator t=2023-04-27T20:21:42.5467289+02:00 level=info msg="Executing migration" id="create permission table"
logger=migrator t=2023-04-27T20:21:42.5510979+02:00 level=info msg="Executing migration" id="add unique index permission.role_id"
logger=migrator t=2023-04-27T20:21:42.5555677+02:00 level=info msg="Executing migration" id="add unique index role_id_action_scope"
logger=migrator t=2023-04-27T20:21:42.5593073+02:00 level=info msg="Executing migration" id="create role table"
logger=migrator t=2023-04-27T20:21:42.5630749+02:00 level=info msg="Executing migration" id="add column display_name"
logger=migrator t=2023-04-27T20:21:42.5696629+02:00 level=info msg="Executing migration" id="add column group_name"
logger=migrator t=2023-04-27T20:21:42.5763214+02:00 level=info msg="Executing migration" id="add index role.org_id"
logger=migrator t=2023-04-27T20:21:42.5803182+02:00 level=info msg="Executing migration" id="add unique index role_org_id_name"
logger=migrator t=2023-04-27T20:21:42.5853209+02:00 level=info msg="Executing migration" id="add index role_org_id_uid"
logger=migrator t=2023-04-27T20:21:42.5903204+02:00 level=info msg="Executing migration" id="create team role table"
logger=migrator t=2023-04-27T20:21:42.5933208+02:00 level=info msg="Executing migration" id="add index team_role.org_id"
logger=migrator t=2023-04-27T20:21:42.5973236+02:00 level=info msg="Executing migration" id="add unique index team_role_org_id_team_id_role_id"
logger=migrator t=2023-04-27T20:21:42.6023211+02:00 level=info msg="Executing migration" id="add index team_role.team_id"
logger=migrator t=2023-04-27T20:21:42.60632+02:00 level=info msg="Executing migration" id="create user role table"
logger=migrator t=2023-04-27T20:21:42.6093219+02:00 level=info msg="Executing migration" id="add index user_role.org_id"
logger=migrator t=2023-04-27T20:21:42.6133198+02:00 level=info msg="Executing migration" id="add unique index user_role_org_id_user_id_role_id"
logger=migrator t=2023-04-27T20:21:42.6173212+02:00 level=info msg="Executing migration" id="add index user_role.user_id"
logger=migrator t=2023-04-27T20:21:42.6213383+02:00 level=info msg="Executing migration" id="create builtin role table"
logger=migrator t=2023-04-27T20:21:42.6253215+02:00 level=info msg="Executing migration" id="add index builtin_role.role_id"
logger=migrator t=2023-04-27T20:21:42.6283208+02:00 level=info msg="Executing migration" id="add index builtin_role.name"
logger=migrator t=2023-04-27T20:21:42.6323242+02:00 level=info msg="Executing migration" id="Add column org_id to builtin_role table"
logger=migrator t=2023-04-27T20:21:42.6383221+02:00 level=info msg="Executing migration" id="add index builtin_role.org_id"
logger=migrator t=2023-04-27T20:21:42.6425831+02:00 level=info msg="Executing migration" id="add unique index builtin_role_org_id_role_id_role"
logger=migrator t=2023-04-27T20:21:42.6459009+02:00 level=info msg="Executing migration" id="Remove unique index role_org_id_uid"
logger=migrator t=2023-04-27T20:21:42.6514074+02:00 level=info msg="Executing migration" id="add unique index role.uid"
logger=migrator t=2023-04-27T20:21:42.655196+02:00 level=info msg="Executing migration" id="create seed assignment table"
logger=migrator t=2023-04-27T20:21:42.6585181+02:00 level=info msg="Executing migration" id="add unique index builtin_role_role_name"
logger=migrator t=2023-04-27T20:21:42.6624631+02:00 level=info msg="Executing migration" id="add column hidden to role table"
logger=migrator t=2023-04-27T20:21:42.6691969+02:00 level=info msg="Executing migration" id="create query_history table v1"
logger=migrator t=2023-04-27T20:21:42.6724729+02:00 level=info msg="Executing migration" id="add index query_history.org_id-created_by-datasource_uid"
logger=migrator t=2023-04-27T20:21:42.6757375+02:00 level=info msg="Executing migration" id="alter table query_history alter column created_by type to bigint"
logger=migrator t=2023-04-27T20:21:42.6789095+02:00 level=info msg="Executing migration" id="teams permissions migration"
logger=migrator t=2023-04-27T20:21:42.6827571+02:00 level=info msg="Executing migration" id="dashboard permissions"
logger=migrator t=2023-04-27T20:21:42.6865418+02:00 level=info msg="Executing migration" id="dashboard permissions uid scopes"
logger=migrator t=2023-04-27T20:21:42.6908271+02:00 level=info msg="Executing migration" id="drop managed folder create actions"
logger=migrator t=2023-04-27T20:21:42.6966327+02:00 level=info msg="Executing migration" id="alerting notification permissions"
logger=migrator t=2023-04-27T20:21:42.7016045+02:00 level=info msg="Executing migration" id="create query_history_star table v1"
logger=migrator t=2023-04-27T20:21:42.7056025+02:00 level=info msg="Executing migration" id="add index query_history.user_id-query_uid"
logger=migrator t=2023-04-27T20:21:42.7095975+02:00 level=info msg="Executing migration" id="add column org_id in query_history_star"
logger=migrator t=2023-04-27T20:21:42.7155985+02:00 level=info msg="Executing migration" id="alter table query_history_star_mig column user_id type to bigint"
logger=migrator t=2023-04-27T20:21:42.7175985+02:00 level=info msg="Executing migration" id="create correlation table v1"
logger=migrator t=2023-04-27T20:21:42.722961+02:00 level=info msg="Executing migration" id="add index correlations.uid"
logger=migrator t=2023-04-27T20:21:42.7297731+02:00 level=info msg="Executing migration" id="add index correlations.source_uid"
logger=migrator t=2023-04-27T20:21:42.7354017+02:00 level=info msg="Executing migration" id="add correlation config column"
logger=migrator t=2023-04-27T20:21:42.7414156+02:00 level=info msg="Executing migration" id="create entity_events table"
logger=migrator t=2023-04-27T20:21:42.7455651+02:00 level=info msg="Executing migration" id="create dashboard public config v1"
logger=migrator t=2023-04-27T20:21:42.7496236+02:00 level=info msg="Executing migration" id="drop index UQE_dashboard_public_config_uid - v1"
logger=migrator t=2023-04-27T20:21:42.7496236+02:00 level=warn msg="Skipping migration: Already executed, but not recorded in migration log" id="drop index UQE_dashboard_public_config_uid - v1"
logger=migrator t=2023-04-27T20:21:42.7526191+02:00 level=info msg="Executing migration" id="drop index IDX_dashboard_public_config_org_id_dashboard_uid - v1"
logger=migrator t=2023-04-27T20:21:42.7526191+02:00 level=warn msg="Skipping migration: Already executed, but not recorded in migration log" id="drop index IDX_dashboard_public_config_org_id_dashboard_uid - v1"
logger=migrator t=2023-04-27T20:21:42.7556191+02:00 level=info msg="Executing migration" id="Drop old dashboard public config table"
logger=migrator t=2023-04-27T20:21:42.75968+02:00 level=info msg="Executing migration" id="recreate dashboard public config v1"
logger=migrator t=2023-04-27T20:21:42.7636785+02:00 level=info msg="Executing migration" id="create index UQE_dashboard_public_config_uid - v1"
logger=migrator t=2023-04-27T20:21:42.7675242+02:00 level=info msg="Executing migration" id="create index IDX_dashboard_public_config_org_id_dashboard_uid - v1"
logger=migrator t=2023-04-27T20:21:42.7714508+02:00 level=info msg="Executing migration" id="drop index UQE_dashboard_public_config_uid - v2"
logger=migrator t=2023-04-27T20:21:42.7747058+02:00 level=info msg="Executing migration" id="drop index IDX_dashboard_public_config_org_id_dashboard_uid - v2"
logger=migrator t=2023-04-27T20:21:42.7779759+02:00 level=info msg="Executing migration" id="Drop public config table"
logger=migrator t=2023-04-27T20:21:42.7812328+02:00 level=info msg="Executing migration" id="Recreate dashboard public config v2"
logger=migrator t=2023-04-27T20:21:42.7851756+02:00 level=info msg="Executing migration" id="create index UQE_dashboard_public_config_uid - v2"
logger=migrator t=2023-04-27T20:21:42.7900984+02:00 level=info msg="Executing migration" id="create index IDX_dashboard_public_config_org_id_dashboard_uid - v2"
logger=migrator t=2023-04-27T20:21:42.7933337+02:00 level=info msg="Executing migration" id="create index UQE_dashboard_public_config_access_token - v2"
logger=migrator t=2023-04-27T20:21:42.7966415+02:00 level=info msg="Executing migration" id="Rename table dashboard_public_config to dashboard_public - v2"
logger=migrator t=2023-04-27T20:21:42.8091661+02:00 level=info msg="Executing migration" id="add annotations_enabled column"
logger=migrator t=2023-04-27T20:21:42.8152728+02:00 level=info msg="Executing migration" id="add time_selection_enabled column"
logger=migrator t=2023-04-27T20:21:42.820772+02:00 level=info msg="Executing migration" id="delete orphaned public dashboards"
logger=migrator t=2023-04-27T20:21:42.8234909+02:00 level=info msg="Executing migration" id="add share column"
logger=migrator t=2023-04-27T20:21:42.829463+02:00 level=info msg="Executing migration" id="backfill empty share column fields with default of public"
logger=migrator t=2023-04-27T20:21:42.8333167+02:00 level=info msg="Executing migration" id="create default alerting folders"
logger=migrator t=2023-04-27T20:21:42.8372021+02:00 level=info msg="Executing migration" id="create file table"
logger=migrator t=2023-04-27T20:21:42.8404156+02:00 level=info msg="Executing migration" id="file table idx: path natural pk"
logger=migrator t=2023-04-27T20:21:42.8431282+02:00 level=info msg="Executing migration" id="file table idx: parent_folder_path_hash fast folder retrieval"
logger=migrator t=2023-04-27T20:21:42.847104+02:00 level=info msg="Executing migration" id="create file_meta table"
logger=migrator t=2023-04-27T20:21:42.8531187+02:00 level=info msg="Executing migration" id="file table idx: path key"
logger=migrator t=2023-04-27T20:21:42.8561155+02:00 level=info msg="Executing migration" id="set path collation in file table"
logger=migrator t=2023-04-27T20:21:42.859117+02:00 level=info msg="Executing migration" id="managed permissions migration"
logger=migrator t=2023-04-27T20:21:42.8621176+02:00 level=info msg="Executing migration" id="managed folder permissions alert actions migration"
logger=migrator t=2023-04-27T20:21:42.8651141+02:00 level=info msg="Executing migration" id="RBAC action name migrator"
logger=migrator t=2023-04-27T20:21:42.8686642+02:00 level=info msg="Executing migration" id="Add UID column to playlist"
logger=migrator t=2023-04-27T20:21:42.8746594+02:00 level=info msg="Executing migration" id="Update uid column values in playlist"
logger=migrator t=2023-04-27T20:21:42.8776566+02:00 level=info msg="Executing migration" id="Add index for uid in playlist"
logger=migrator t=2023-04-27T20:21:42.8806609+02:00 level=info msg="Executing migration" id="update group index for alert rules"
logger=migrator t=2023-04-27T20:21:42.8846601+02:00 level=info msg="Executing migration" id="managed folder permissions alert actions repeated migration"
logger=migrator t=2023-04-27T20:21:42.888304+02:00 level=info msg="Executing migration" id="admin only folder/dashboard permission"
logger=migrator t=2023-04-27T20:21:42.8914872+02:00 level=info msg="Executing migration" id="add action column to seed_assignment"
logger=migrator t=2023-04-27T20:21:42.8969651+02:00 level=info msg="Executing migration" id="add scope column to seed_assignment"
logger=migrator t=2023-04-27T20:21:42.9034478+02:00 level=info msg="Executing migration" id="remove unique index builtin_role_role_name before nullable update"
logger=migrator t=2023-04-27T20:21:42.9066845+02:00 level=info msg="Executing migration" id="update seed_assignment role_name column to nullable"
logger=migrator t=2023-04-27T20:21:42.9430548+02:00 level=info msg="Executing migration" id="add unique index builtin_role_name back"
logger=migrator t=2023-04-27T20:21:42.9469021+02:00 level=info msg="Executing migration" id="add unique index builtin_role_action_scope"
logger=migrator t=2023-04-27T20:21:42.9508805+02:00 level=info msg="Executing migration" id="add primary key to seed_assigment"
logger=migrator t=2023-04-27T20:21:42.9654675+02:00 level=info msg="Executing migration" id="managed folder permissions alert actions repeated fixed migration"
logger=migrator t=2023-04-27T20:21:42.9687042+02:00 level=info msg="Executing migration" id="migrate external alertmanagers to datsourcse"
logger=migrator t=2023-04-27T20:21:42.9725918+02:00 level=info msg="Executing migration" id="create folder table"
logger=migrator t=2023-04-27T20:21:42.9763528+02:00 level=info msg="Executing migration" id="Add index for parent_uid"
logger=migrator t=2023-04-27T20:21:42.9807867+02:00 level=info msg="Executing migration" id="Add unique index for folder.uid and folder.org_id"
logger=migrator t=2023-04-27T20:21:42.985311+02:00 level=info msg="Executing migration" id="Update folder title length"
logger=migrator t=2023-04-27T20:21:42.9885989+02:00 level=info msg="Executing migration" id="Add unique index for folder.title and folder.parent_uid"
logger=migrator t=2023-04-27T20:21:42.9926207+02:00 level=info msg="Executing migration" id="create data_source_usage_by_day table"
logger=migrator t=2023-04-27T20:21:42.9957763+02:00 level=info msg="Executing migration" id="create data_source_usage_by_day(data_source_id) index"
logger=migrator t=2023-04-27T20:21:43.0014066+02:00 level=info msg="Executing migration" id="create data_source_usage_by_day(data_source_id, day) unique index"
logger=migrator t=2023-04-27T20:21:43.0054083+02:00 level=info msg="Executing migration" id="create dashboard_usage_by_day table"
logger=migrator t=2023-04-27T20:21:43.0097457+02:00 level=info msg="Executing migration" id="create dashboard_usage_sums table"
logger=migrator t=2023-04-27T20:21:43.0138522+02:00 level=info msg="Executing migration" id="create dashboard_usage_by_day(dashboard_id) index"
logger=migrator t=2023-04-27T20:21:43.0182664+02:00 level=info msg="Executing migration" id="create dashboard_usage_by_day(dashboard_id, day) index"
logger=migrator t=2023-04-27T20:21:43.0240755+02:00 level=info msg="Executing migration" id="add column errors_last_1_days to dashboard_usage_sums"
logger=migrator t=2023-04-27T20:21:43.0303549+02:00 level=info msg="Executing migration" id="add column errors_last_7_days to dashboard_usage_sums"
logger=migrator t=2023-04-27T20:21:43.0376024+02:00 level=info msg="Executing migration" id="add column errors_last_30_days to dashboard_usage_sums"
logger=migrator t=2023-04-27T20:21:43.0435895+02:00 level=info msg="Executing migration" id="add column errors_total to dashboard_usage_sums"
logger=migrator t=2023-04-27T20:21:43.0509083+02:00 level=info msg="Executing migration" id="create dashboard_public_usage_by_day table"
logger=migrator t=2023-04-27T20:21:43.0548264+02:00 level=info msg="Executing migration" id="add column cached_queries to dashboard_usage_by_day table"
logger=migrator t=2023-04-27T20:21:43.0609374+02:00 level=info msg="Executing migration" id="add column cached_queries to dashboard_public_usage_by_day table"
logger=migrator t=2023-04-27T20:21:43.068303+02:00 level=info msg="Executing migration" id="create user_dashboard_views table"
logger=migrator t=2023-04-27T20:21:43.07221+02:00 level=info msg="Executing migration" id="add index user_dashboard_views.user_id"
logger=migrator t=2023-04-27T20:21:43.0759669+02:00 level=info msg="Executing migration" id="add index user_dashboard_views.dashboard_id"
logger=migrator t=2023-04-27T20:21:43.0804222+02:00 level=info msg="Executing migration" id="add unique index user_dashboard_views_user_id_dashboard_id"
logger=migrator t=2023-04-27T20:21:43.0848114+02:00 level=info msg="Executing migration" id="create user_stats table"
logger=migrator t=2023-04-27T20:21:43.0891705+02:00 level=info msg="Executing migration" id="add unique index user_stats(user_id)"
logger=migrator t=2023-04-27T20:21:43.0924298+02:00 level=info msg="Executing migration" id="create data_source_cache table"
logger=migrator t=2023-04-27T20:21:43.096832+02:00 level=info msg="Executing migration" id="add index data_source_cache.data_source_id"
logger=migrator t=2023-04-27T20:21:43.1009128+02:00 level=info msg="Executing migration" id="add use_default_ttl column"
logger=migrator t=2023-04-27T20:21:43.1075649+02:00 level=info msg="Executing migration" id="add data_source_cache.data_source_uid column"
logger=migrator t=2023-04-27T20:21:43.1137557+02:00 level=info msg="Executing migration" id="remove abandoned data_source_cache records"
logger=migrator t=2023-04-27T20:21:43.1181663+02:00 level=info msg="Executing migration" id="update data_source_cache.data_source_uid value"
logger=migrator t=2023-04-27T20:21:43.1214208+02:00 level=info msg="Executing migration" id="add index data_source_cache.data_source_uid"
logger=migrator t=2023-04-27T20:21:43.1253319+02:00 level=info msg="Executing migration" id="add data_source_cache.ttl_resources_ms column"
logger=migrator t=2023-04-27T20:21:43.1324145+02:00 level=info msg="Executing migration" id="update data_source_cache.ttl_resources_ms to have the same value as ttl_ms"
logger=migrator t=2023-04-27T20:21:43.1351306+02:00 level=info msg="Executing migration" id="create data_source_acl table"
logger=migrator t=2023-04-27T20:21:43.1392986+02:00 level=info msg="Executing migration" id="add index data_source_acl.data_source_id"
logger=migrator t=2023-04-27T20:21:43.1442872+02:00 level=info msg="Executing migration" id="add unique index datasource_acl.unique"
logger=migrator t=2023-04-27T20:21:43.1486381+02:00 level=info msg="Executing migration" id="create license_token table"
logger=migrator t=2023-04-27T20:21:43.1524446+02:00 level=info msg="Executing migration" id="drop recorded_queries table v14"
logger=migrator t=2023-04-27T20:21:43.1557297+02:00 level=info msg="Executing migration" id="drop recording_rules table v14"
logger=migrator t=2023-04-27T20:21:43.1592223+02:00 level=info msg="Executing migration" id="create recording_rules table v14"
logger=migrator t=2023-04-27T20:21:43.1630305+02:00 level=info msg="Executing migration" id="create remote_write_targets table v1"
logger=migrator t=2023-04-27T20:21:43.167364+02:00 level=info msg="Executing migration" id="Add prom_name to recording_rules table"
logger=migrator t=2023-04-27T20:21:43.1724906+02:00 level=info msg="Executing migration" id="ensure remote_write_targets table"
logger=migrator t=2023-04-27T20:21:43.1764997+02:00 level=info msg="Executing migration" id="create report config table v1"
logger=migrator t=2023-04-27T20:21:43.1804908+02:00 level=info msg="Executing migration" id="Add index report.user_id"
logger=migrator t=2023-04-27T20:21:43.1844904+02:00 level=info msg="Executing migration" id="add index to dashboard_id"
logger=migrator t=2023-04-27T20:21:43.1884889+02:00 level=info msg="Executing migration" id="add index to org_id"
logger=migrator t=2023-04-27T20:21:43.1929521+02:00 level=info msg="Executing migration" id="Add timezone to the report"
logger=migrator t=2023-04-27T20:21:43.1994853+02:00 level=info msg="Executing migration" id="Add time_from to the report"
logger=migrator t=2023-04-27T20:21:43.206038+02:00 level=info msg="Executing migration" id="Add time_to to the report"
logger=migrator t=2023-04-27T20:21:43.2127072+02:00 level=info msg="Executing migration" id="Add PDF landscape option to the report"
logger=migrator t=2023-04-27T20:21:43.2192705+02:00 level=info msg="Executing migration" id="Add monthly day scheduling option to the report"
logger=migrator t=2023-04-27T20:21:43.2253891+02:00 level=info msg="Executing migration" id="Add PDF layout option to the report"
logger=migrator t=2023-04-27T20:21:43.2320906+02:00 level=info msg="Executing migration" id="Add PDF orientation option to the report"
logger=migrator t=2023-04-27T20:21:43.239598+02:00 level=info msg="Executing migration" id="Update report pdf_orientation from pdf_landscape"
logger=migrator t=2023-04-27T20:21:43.2422805+02:00 level=info msg="Executing migration" id="create report settings table"
logger=migrator t=2023-04-27T20:21:43.2465941+02:00 level=info msg="Executing migration" id="Add dashboard_uid field to the report"
logger=migrator t=2023-04-27T20:21:43.2547482+02:00 level=info msg="Executing migration" id="Add template_vars field to the report"
logger=migrator t=2023-04-27T20:21:43.2607104+02:00 level=info msg="Executing migration" id="Add option to include dashboard url in the report"
logger=migrator t=2023-04-27T20:21:43.2682834+02:00 level=info msg="Executing migration" id="Add state field to the report"
logger=migrator t=2023-04-27T20:21:43.2743711+02:00 level=info msg="Executing migration" id="Add option to add CSV files to the report"
logger=migrator t=2023-04-27T20:21:43.2826212+02:00 level=info msg="Executing migration" id="Add scheduling start date"
logger=migrator t=2023-04-27T20:21:43.289141+02:00 level=info msg="Executing migration" id="Add missing schedule_start date for old reports"
logger=migrator t=2023-04-27T20:21:43.2923726+02:00 level=info msg="Executing migration" id="Add scheduling end date"
logger=migrator t=2023-04-27T20:21:43.2989854+02:00 level=info msg="Executing migration" id="Add schedulinng custom interval frequency"
logger=migrator t=2023-04-27T20:21:43.3055815+02:00 level=info msg="Executing migration" id="Add scheduling custom interval amount"
logger=migrator t=2023-04-27T20:21:43.3120932+02:00 level=info msg="Executing migration" id="Add workdays only flag to report"
logger=migrator t=2023-04-27T20:21:43.3186357+02:00 level=info msg="Executing migration" id="create report dashboards table"
logger=migrator t=2023-04-27T20:21:43.3216356+02:00 level=info msg="Executing migration" id="Add index report_dashboards.report_id"
logger=migrator t=2023-04-27T20:21:43.3252746+02:00 level=info msg="Executing migration" id="Migrate report fields into report_dashboards"
logger=migrator t=2023-04-27T20:21:43.3299595+02:00 level=info msg="Executing migration" id="Add formats option to the report"
logger=migrator t=2023-04-27T20:21:43.3370578+02:00 level=info msg="Executing migration" id="Migrate reports with csv enabled"
logger=migrator t=2023-04-27T20:21:43.341495+02:00 level=info msg="Executing migration" id="Migrate ancient reports"
logger=migrator t=2023-04-27T20:21:43.3452882+02:00 level=info msg="Executing migration" id="Add created column in report_dashboards"
logger=migrator t=2023-04-27T20:21:43.3518397+02:00 level=info msg="Executing migration" id="Add scale_factor to the report"
logger=migrator t=2023-04-27T20:21:43.3592667+02:00 level=info msg="Executing migration" id="create team group table"
logger=migrator t=2023-04-27T20:21:43.3632725+02:00 level=info msg="Executing migration" id="add index team_group.org_id"
logger=migrator t=2023-04-27T20:21:43.3673071+02:00 level=info msg="Executing migration" id="add unique index team_group.org_id_team_id_group_id"
logger=migrator t=2023-04-27T20:21:43.3717812+02:00 level=info msg="Executing migration" id="add index team_group.group_id"
logger=migrator t=2023-04-27T20:21:43.3761668+02:00 level=info msg="Executing migration" id="create settings table"
logger=migrator t=2023-04-27T20:21:43.3799774+02:00 level=info msg="Executing migration" id="add unique index settings.section_key"
logger=migrator t=2023-04-27T20:21:43.383834+02:00 level=info msg="Executing migration" id="migrate role names"
logger=migrator t=2023-04-27T20:21:43.3904906+02:00 level=info msg="Executing migration" id="rename orgs roles"
logger=migrator t=2023-04-27T20:21:43.3937198+02:00 level=info msg="Executing migration" id="remove duplicated org role"
logger=migrator t=2023-04-27T20:21:43.3975508+02:00 level=info msg="Executing migration" id="migrate alerting role names"
logger=migrator t=2023-04-27T20:21:43.4024954+02:00 level=info msg="Executing migration" id="data source permissions"
logger=migrator t=2023-04-27T20:21:43.4064944+02:00 level=info msg="Executing migration" id="data source uid permissions"
logger=migrator t=2023-04-27T20:21:43.4094958+02:00 level=info msg="Executing migration" id="rename permissions:delegate scope"
logger=migrator t=2023-04-27T20:21:43.4124961+02:00 level=info msg="Executing migration" id="builtin role migration"
logger="builtin-role migrator" t=2023-04-27T20:21:43.414494+02:00 level=info msg="no permission to create"
logger=migrator t=2023-04-27T20:21:43.4184987+02:00 level=info msg="Executing migration" id="seed permissions migration"
logger=migrator t=2023-04-27T20:21:43.4222304+02:00 level=info msg="Executing migration" id="managed permissions migration enterprise"
logger=migrator t=2023-04-27T20:21:43.4254709+02:00 level=info msg="Executing migration" id="create table dashboard_public_email_share"
logger=migrator t=2023-04-27T20:21:43.4292514+02:00 level=info msg="Executing migration" id="create table dashboard_public_magic_link"
logger=migrator t=2023-04-27T20:21:43.433681+02:00 level=info msg="Executing migration" id="create table dashboard_public_session"
logger=migrator t=2023-04-27T20:21:43.4379624+02:00 level=info msg="migrations completed" performed=578 skipped=0 duration=2.6472843s
logger=sqlstore t=2023-04-27T20:21:43.4546405+02:00 level=info msg="Created default admin" user=admin
logger=sqlstore t=2023-04-27T20:21:43.4546405+02:00 level=info msg="Created default organization"
logger=licensing t=2023-04-27T20:21:43.4580155+02:00 level=info msg="Validated license token" appURL=http://localhost:3000/ source=disk status=NotFound
logger=secrets t=2023-04-27T20:21:43.4600013+02:00 level=info msg="Envelope encryption state" enabled=true currentprovider=secretKey.v1
logger=plugin.loader t=2023-04-27T20:21:43.6454682+02:00 level=info msg="Plugin registered" pluginID=input
logger=local.finder t=2023-04-27T20:21:43.6454682+02:00 level=warn msg="Skipping finding plugins as directory does not exist" path=C:\Users\diomb\Downloads\grafana-9.5.1\data\plugins
logger=query_data t=2023-04-27T20:21:43.6604203+02:00 level=info msg="Query Service initialization"
logger=live.push_http t=2023-04-27T20:21:43.6644185+02:00 level=info msg="Live Push Gateway initialization"
logger=infra.usagestats.collector t=2023-04-27T20:21:45.042568+02:00 level=info msg="registering usage stat providers" usageStatsProvidersLen=2
logger=provisioning.alerting t=2023-04-27T20:21:45.0445706+02:00 level=info msg="starting to provision alerting"
logger=provisioning.alerting t=2023-04-27T20:21:45.0445706+02:00 level=info msg="finished to provision alerting"
logger=modules t=2023-04-27T20:21:45.0485691+02:00 level=warn msg="No modules registered..."
logger=ngalert.state.manager t=2023-04-27T20:21:45.0485691+02:00 level=info msg="Warming state cache for startup"
logger=ngalert.state.manager t=2023-04-27T20:21:45.0495728+02:00 level=info msg="State cache has been initialized" states=0 duration=1.0037ms
logger=ticker t=2023-04-27T20:21:45.0495728+02:00 level=info msg=starting first_tick=2023-04-27T20:21:50+02:00
logger=remote-ruler t=2023-04-27T20:21:45.0485691+02:00 level=warn msg="you have enabled the remote ruler but the grpc server is not enabled - the remote ruler won't run."
logger=report t=2023-04-27T20:21:45.0495728+02:00 level=warn msg="Scheduling and sending of reports disabled, SMTP is not configured and enabled. Configure SMTP to enable."
logger=ngalert.multiorg.alertmanager t=2023-04-27T20:21:45.051572+02:00 level=info msg="starting MultiOrg Alertmanager"
logger=grafanaStorageLogger t=2023-04-27T20:21:45.0525703+02:00 level=info msg="storage starting"
logger=http.server t=2023-04-27T20:21:45.0525703+02:00 level=info msg="HTTP Server Listen" address=[::]:3000 protocol=http subUrl= socket=
logger=sqlstore.transactions t=2023-04-27T20:21:45.0725684+02:00 level=info msg="Database locked, sleeping then retrying" error="database is locked" retry=0 code="database is locked"
logger=sqlstore.transactions t=2023-04-27T20:21:45.07457+02:00 level=info msg="Database locked, sleeping then retrying" error="database is locked" retry=0 code="database is locked"
logger=grafana.update.checker t=2023-04-27T20:21:45.3875367+02:00 level=info msg="Update check succeeded" duration=338.9676ms
logger=plugins.update.checker t=2023-04-27T20:21:45.397352+02:00 level=info msg="Update check succeeded" duration=348.7829ms
logger=context userId=0 orgId=0 uname= t=2023-04-27T20:22:15.8370314+02:00 level=info msg="Request Completed" method=GET path=/ status=302 remote_addr=[::1] time_ms=1 duration=1.0911ms size=29 referer= handler=/
logger=http.server t=2023-04-27T20:22:37.4253175+02:00 level=info msg="Successful Login" User=admin@localhost
logger=context userId=1 orgId=1 uname=admin t=2023-04-27T20:22:57.6896337+02:00 level=info msg="Request Completed" method=GET path=/api/live/ws status=-1 remote_addr=[::1] time_ms=1 duration=1.0455ms size=0 referer= handler=/api/live/ws
logger=context userId=1 orgId=1 uname=admin t=2023-04-27T20:29:35.9076268+02:00 level=error msg="Failed to call resource" error="error querying resource: parse \"\": empty url" traceID=
logger=context userId=1 orgId=1 uname=admin t=2023-04-27T20:29:35.9076268+02:00 level=error msg="Failed to call resource" error="error querying resource: parse \"\": empty url" traceID=
logger=context userId=1 orgId=1 uname=admin t=2023-04-27T20:29:35.9076268+02:00 level=error msg="Failed to call resource" error="error querying resource: parse \"\": empty url" traceID=
logger=context userId=1 orgId=1 uname=admin t=2023-04-27T20:29:35.9081627+02:00 level=error msg="Request Completed" method=GET path=/api/datasources/uid/b6bfd0b5-d271-49b9-a267-2bd6a4426624/resources/api/v1/rules status=500 remote_addr=[::1] time_ms=6 duration=6.2247ms size=51 referer="http://localhost:3000/explore?left=%7B%22datasource%22%3A%22Prometheus-2%22%2C%22context%22%3A%22explore%22%7D" handler=/api/datasources/uid/:uid/resources/*
logger=context userId=1 orgId=1 uname=admin t=2023-04-27T20:29:35.9103122+02:00 level=error msg="Request Completed" method=GET path=/api/datasources/uid/b6bfd0b5-d271-49b9-a267-2bd6a4426624/resources/api/v1/query_exemplars status=500 remote_addr=[::1] time_ms=8 duration=8.161ms size=51 referer="http://localhost:3000/explore?left=%7B%22datasource%22%3A%22Prometheus-2%22%2C%22context%22%3A%22explore%22%7D" handler=/api/datasources/uid/:uid/resources/*
logger=context userId=1 orgId=1 uname=admin t=2023-04-27T20:29:35.9143474+02:00 level=error msg="Request Completed" method=GET path=/api/datasources/uid/b6bfd0b5-d271-49b9-a267-2bd6a4426624/resources/api/v1/query_exemplars status=500 remote_addr=[::1] time_ms=10 duration=10.1015ms size=51 referer="http://localhost:3000/explore?left=%7B%22datasource%22%3A%22Prometheus-2%22%2C%22context%22%3A%22explore%22%7D" handler=/api/datasources/uid/:uid/resources/*
logger=context userId=1 orgId=1 uname=admin t=2023-04-27T20:29:35.9165242+02:00 level=error msg="Failed to call resource" error="error querying resource: parse \"\": empty url" traceID=
logger=context userId=1 orgId=1 uname=admin t=2023-04-27T20:29:35.9165242+02:00 level=error msg="Request Completed" method=GET path=/api/datasources/uid/b6bfd0b5-d271-49b9-a267-2bd6a4426624/resources/api/v1/rules status=500 remote_addr=[::1] time_ms=1 duration=1.0666ms size=51 referer="http://localhost:3000/explore?left=%7B%22datasource%22%3A%22Prometheus-2%22%2C%22context%22%3A%22explore%22%7D" handler=/api/datasources/uid/:uid/resources/*
logger=context userId=1 orgId=1 uname=admin t=2023-04-27T20:29:52.9177376+02:00 level=error msg="Failed to call resource" error="error querying resource: parse \"\": empty url" traceID=
logger=context userId=1 orgId=1 uname=admin t=2023-04-27T20:29:52.9177376+02:00 level=error msg="Request Completed" method=GET path=/api/datasources/uid/b6bfd0b5-d271-49b9-a267-2bd6a4426624/resources/api/v1/rules status=500 remote_addr=[::1] time_ms=2 duration=2.5645ms size=51 referer="http://localhost:3000/explore?left=%7B%22datasource%22%3A%22b6bfd0b5-d271-49b9-a267-2bd6a4426624%22%2C%22queries%22%3A%5B%7B%22refId%22%3A%22A%22%2C%22datasource%22%3A%7B%22type%22%3A%22prometheus%22%2C%22uid%22%3A%22b6bfd0b5-d271-49b9-a267-2bd6a4426624%22%7D%7D%5D%2C%22range%22%3A%7B%22from%22%3A%22now-1h%22%2C%22to%22%3A%22now%22%7D%7D&orgId=1" handler=/api/datasources/uid/:uid/resources/*
logger=context userId=1 orgId=1 uname=admin t=2023-04-27T20:29:52.9252293+02:00 level=error msg="Failed to call resource" error="error querying resource: parse \"\": empty url" traceID=
logger=context userId=1 orgId=1 uname=admin t=2023-04-27T20:29:52.9257634+02:00 level=error msg="Request Completed" method=GET path=/api/datasources/uid/b6bfd0b5-d271-49b9-a267-2bd6a4426624/resources/api/v1/query_exemplars status=500 remote_addr=[::1] time_ms=10 duration=10.1796ms size=51 referer="http://localhost:3000/explore?left=%7B%22datasource%22%3A%22b6bfd0b5-d271-49b9-a267-2bd6a4426624%22%2C%22queries%22%3A%5B%7B%22refId%22%3A%22A%22%2C%22datasource%22%3A%7B%22type%22%3A%22prometheus%22%2C%22uid%22%3A%22b6bfd0b5-d271-49b9-a267-2bd6a4426624%22%7D%7D%5D%2C%22range%22%3A%7B%22from%22%3A%22now-1h%22%2C%22to%22%3A%22now%22%7D%7D&orgId=1" handler=/api/datasources/uid/:uid/resources/*
logger=context userId=1 orgId=1 uname=admin t=2023-04-27T20:29:55.9545097+02:00 level=error msg="Failed to call resource" error="error querying resource: parse \"\": empty url" traceID=
logger=context userId=1 orgId=1 uname=admin t=2023-04-27T20:29:55.9545097+02:00 level=error msg="Request Completed" method=GET path=/api/datasources/uid/b6bfd0b5-d271-49b9-a267-2bd6a4426624/resources/api/v1/rules status=500 remote_addr=[::1] time_ms=1 duration=1.2265ms size=51 referer="http://localhost:3000/explore?left=%7B%22datasource%22%3A%22b6bfd0b5-d271-49b9-a267-2bd6a4426624%22%2C%22queries%22%3A%5B%7B%22refId%22%3A%22A%22%2C%22datasource%22%3A%7B%22type%22%3A%22prometheus%22%2C%22uid%22%3A%22b6bfd0b5-d271-49b9-a267-2bd6a4426624%22%7D%7D%5D%2C%22range%22%3A%7B%22from%22%3A%22now-1h%22%2C%22to%22%3A%22now%22%7D%7D&orgId=1" handler=/api/datasources/uid/:uid/resources/*
logger=context userId=1 orgId=1 uname=admin t=2023-04-27T20:29:55.9714454+02:00 level=error msg="Failed to call resource" error="error querying resource: parse \"\": empty url" traceID=
logger=context userId=1 orgId=1 uname=admin t=2023-04-27T20:29:55.9720089+02:00 level=error msg="Request Completed" method=GET path=/api/datasources/uid/b6bfd0b5-d271-49b9-a267-2bd6a4426624/resources/api/v1/query_exemplars status=500 remote_addr=[::1] time_ms=18 duration=18.0739ms size=51 referer="http://localhost:3000/explore?left=%7B%22datasource%22%3A%22b6bfd0b5-d271-49b9-a267-2bd6a4426624%22%2C%22queries%22%3A%5B%7B%22refId%22%3A%22A%22%2C%22datasource%22%3A%7B%22type%22%3A%22prometheus%22%2C%22uid%22%3A%22b6bfd0b5-d271-49b9-a267-2bd6a4426624%22%7D%7D%5D%2C%22range%22%3A%7B%22from%22%3A%22now-1h%22%2C%22to%22%3A%22now%22%7D%7D&orgId=1" handler=/api/datasources/uid/:uid/resources/*
logger=context userId=1 orgId=1 uname=admin t=2023-04-27T20:30:00.1068839+02:00 level=error msg="Failed to call resource" error="error querying resource: parse \"\": empty url" traceID=
logger=context userId=1 orgId=1 uname=admin t=2023-04-27T20:30:00.1068839+02:00 level=error msg="Request Completed" method=GET path=/api/datasources/uid/b6bfd0b5-d271-49b9-a267-2bd6a4426624/resources/api/v1/rules status=500 remote_addr=[::1] time_ms=2 duration=2.5237ms size=51 referer="http://localhost:3000/explore?left=%7B%22datasource%22%3A%22b6bfd0b5-d271-49b9-a267-2bd6a4426624%22%2C%22queries%22%3A%5B%7B%22refId%22%3A%22A%22%2C%22datasource%22%3A%7B%22type%22%3A%22prometheus%22%2C%22uid%22%3A%22b6bfd0b5-d271-49b9-a267-2bd6a4426624%22%7D%7D%5D%2C%22range%22%3A%7B%22from%22%3A%22now-1h%22%2C%22to%22%3A%22now%22%7D%7D&orgId=1" handler=/api/datasources/uid/:uid/resources/*
logger=context userId=1 orgId=1 uname=admin t=2023-04-27T20:30:00.1108171+02:00 level=error msg="Failed to call resource" error="error querying resource: parse \"\": empty url" traceID=
logger=context userId=1 orgId=1 uname=admin t=2023-04-27T20:30:00.1108171+02:00 level=error msg="Request Completed" method=GET path=/api/datasources/uid/b6bfd0b5-d271-49b9-a267-2bd6a4426624/resources/api/v1/query_exemplars status=500 remote_addr=[::1] time_ms=5 duration=5.5285ms size=51 referer="http://localhost:3000/explore?left=%7B%22datasource%22%3A%22b6bfd0b5-d271-49b9-a267-2bd6a4426624%22%2C%22queries%22%3A%5B%7B%22refId%22%3A%22A%22%2C%22datasource%22%3A%7B%22type%22%3A%22prometheus%22%2C%22uid%22%3A%22b6bfd0b5-d271-49b9-a267-2bd6a4426624%22%7D%7D%5D%2C%22range%22%3A%7B%22from%22%3A%22now-1h%22%2C%22to%22%3A%22now%22%7D%7D&orgId=1" handler=/api/datasources/uid/:uid/resources/*
logger=context userId=1 orgId=1 uname=admin t=2023-04-27T20:30:07.4320965+02:00 level=error msg="Failed to call resource" error="error querying resource: parse \"\": empty url" traceID=
logger=context userId=1 orgId=1 uname=admin t=2023-04-27T20:30:07.4326134+02:00 level=error msg="Request Completed" method=GET path=/api/datasources/uid/fcc365f2-a8f7-41ff-9978-3856f193e9a4/resources/api/v1/query_exemplars status=500 remote_addr=[::1] time_ms=6 duration=6.8396ms size=51 referer="http://localhost:3000/explore?left=%7B%22datasource%22%3A%22b6bfd0b5-d271-49b9-a267-2bd6a4426624%22%2C%22queries%22%3A%5B%7B%22refId%22%3A%22A%22%2C%22datasource%22%3A%7B%22type%22%3A%22prometheus%22%2C%22uid%22%3A%22b6bfd0b5-d271-49b9-a267-2bd6a4426624%22%7D%7D%5D%2C%22range%22%3A%7B%22from%22%3A%22now-1h%22%2C%22to%22%3A%22now%22%7D%7D&orgId=1" handler=/api/datasources/uid/:uid/resources/*
logger=context userId=1 orgId=1 uname=admin t=2023-04-27T20:30:07.4386888+02:00 level=error msg="Failed to call resource" error="error querying resource: parse \"\": empty url" traceID=
logger=context userId=1 orgId=1 uname=admin t=2023-04-27T20:30:07.4386888+02:00 level=error msg="Request Completed" method=GET path=/api/datasources/uid/fcc365f2-a8f7-41ff-9978-3856f193e9a4/resources/api/v1/rules status=500 remote_addr=[::1] time_ms=13 duration=13.4312ms size=51 referer="http://localhost:3000/explore?left=%7B%22datasource%22%3A%22b6bfd0b5-d271-49b9-a267-2bd6a4426624%22%2C%22queries%22%3A%5B%7B%22refId%22%3A%22A%22%2C%22datasource%22%3A%7B%22type%22%3A%22prometheus%22%2C%22uid%22%3A%22b6bfd0b5-d271-49b9-a267-2bd6a4426624%22%7D%7D%5D%2C%22range%22%3A%7B%22from%22%3A%22now-1h%22%2C%22to%22%3A%22now%22%7D%7D&orgId=1" handler=/api/datasources/uid/:uid/resources/*
logger=context userId=1 orgId=1 uname=admin t=2023-04-27T20:30:21.0322458+02:00 level=error msg="Failed to call resource" error="error querying resource: parse \"\": empty url" traceID=
logger=context userId=1 orgId=1 uname=admin t=2023-04-27T20:30:21.0322458+02:00 level=error msg="Request Completed" method=GET path=/api/datasources/uid/b2549da9-1dcb-4204-b078-934f69616693/resources/api/v1/query_exemplars status=500 remote_addr=[::1] time_ms=6 duration=6.4448ms size=51 referer="http://localhost:3000/explore?left=%7B%22datasource%22%3A%22grafana%22%2C%22queries%22%3A%5B%7B%22refId%22%3A%22A%22%2C%22datasource%22%3A%7B%22type%22%3A%22datasource%22%2C%22uid%22%3A%22grafana%22%7D%7D%5D%2C%22range%22%3A%7B%22from%22%3A%22now-1h%22%2C%22to%22%3A%22now%22%7D%7D&orgId=1" handler=/api/datasources/uid/:uid/resources/*
logger=context userId=1 orgId=1 uname=admin t=2023-04-27T20:30:21.0373524+02:00 level=error msg="Failed to call resource" error="error querying resource: parse \"\": empty url" traceID=
logger=context userId=1 orgId=1 uname=admin t=2023-04-27T20:30:21.0378824+02:00 level=error msg="Request Completed" method=GET path=/api/datasources/uid/b2549da9-1dcb-4204-b078-934f69616693/resources/api/v1/rules status=500 remote_addr=[::1] time_ms=12 duration=12.6082ms size=51 referer="http://localhost:3000/explore?left=%7B%22datasource%22%3A%22grafana%22%2C%22queries%22%3A%5B%7B%22refId%22%3A%22A%22%2C%22datasource%22%3A%7B%22type%22%3A%22datasource%22%2C%22uid%22%3A%22grafana%22%7D%7D%5D%2C%22range%22%3A%7B%22from%22%3A%22now-1h%22%2C%22to%22%3A%22now%22%7D%7D&orgId=1" handler=/api/datasources/uid/:uid/resources/*
logger=sqlstore.transactions t=2023-04-27T20:31:45.0762215+02:00 level=info msg="Database locked, sleeping then retrying" error="database is locked" retry=0 code="database is locked"
logger=cleanup t=2023-04-27T20:31:45.0976826+02:00 level=info msg="Completed cleanup jobs" duration=36.791ms
logger=plugins.update.checker t=2023-04-27T20:31:45.8114395+02:00 level=info msg="Update check succeeded" duration=404.9867ms
logger=grafana.update.checker t=2023-04-27T20:31:45.8114395+02:00 level=info msg="Update check succeeded" duration=421.0026ms
logger=cleanup t=2023-04-27T20:41:45.0832754+02:00 level=info msg="Completed cleanup jobs" duration=22.0853ms
logger=grafana.update.checker t=2023-04-27T20:41:45.5458761+02:00 level=info msg="Update check succeeded" duration=143.726ms
logger=plugins.update.checker t=2023-04-27T20:41:45.6292123+02:00 level=info msg="Update check succeeded" duration=227.0622ms
logger=server t=2023-04-27T20:45:25.4278063+02:00 level=info msg="Shutdown started" reason="System signal: terminated"
logger=ticker t=2023-04-27T20:45:25.4285795+02:00 level=info msg=stopped last_tick=2023-04-27T20:45:20+02:00
logger=tracing t=2023-04-27T20:45:25.4285795+02:00 level=info msg="Closing tracing"
